{"/home/travis/build/npmtest/node-npmtest-http2/test.js":{"path":"/home/travis/build/npmtest/node-npmtest-http2/test.js","s":{"1":2,"2":2,"3":2,"4":2,"5":2,"6":2,"7":2,"8":1,"9":2,"10":2,"11":1,"12":1,"13":1,"14":1,"15":2,"16":2,"17":2,"18":2,"19":1,"20":1,"21":2,"22":2,"23":2,"24":1,"25":1,"26":1,"27":1,"28":1,"29":1,"30":1,"31":1,"32":1,"33":1,"34":1,"35":1,"36":1,"37":2,"38":2,"39":1,"40":2,"41":2,"42":1,"43":2,"44":2,"45":1,"46":2,"47":2,"48":1,"49":1,"50":1,"51":1,"52":1},"b":{"1":[2,1,1,1],"2":[1,1,1,1],"3":[1,1],"4":[1,1],"5":[1,1],"6":[1,1],"7":[1,1],"8":[1,1],"9":[1,1,1],"10":[1,1],"11":[1,1],"12":[1,1],"13":[1,1],"14":[1,1],"15":[1,1],"16":[1,1]},"f":{"1":2,"2":2,"3":2,"4":2,"5":2,"6":1,"7":1,"8":2,"9":2,"10":2,"11":2,"12":1},"fnMap":{"1":{"name":"(anonymous_1)","line":12,"loc":{"start":{"line":12,"column":1},"end":{"line":12,"column":13}}},"2":{"name":"(anonymous_2)","line":19,"loc":{"start":{"line":19,"column":5},"end":{"line":19,"column":17}}},"3":{"name":"(anonymous_3)","line":23,"loc":{"start":{"line":23,"column":24},"end":{"line":23,"column":36}}},"4":{"name":"(anonymous_4)","line":61,"loc":{"start":{"line":61,"column":5},"end":{"line":61,"column":17}}},"5":{"name":"(anonymous_5)","line":82,"loc":{"start":{"line":82,"column":5},"end":{"line":82,"column":17}}},"6":{"name":"(anonymous_6)","line":102,"loc":{"start":{"line":102,"column":83},"end":{"line":105,"column":10}},"skip":true},"7":{"name":"(anonymous_7)","line":113,"loc":{"start":{"line":113,"column":77},"end":{"line":116,"column":10}},"skip":true},"8":{"name":"(anonymous_8)","line":129,"loc":{"start":{"line":129,"column":12},"end":{"line":129,"column":40}},"skip":true},"9":{"name":"(anonymous_9)","line":137,"loc":{"start":{"line":137,"column":77},"end":{"line":140,"column":10}},"skip":true},"10":{"name":"(anonymous_10)","line":148,"loc":{"start":{"line":148,"column":83},"end":{"line":151,"column":10}},"skip":true},"11":{"name":"(anonymous_11)","line":159,"loc":{"start":{"line":159,"column":79},"end":{"line":162,"column":10}},"skip":true},"12":{"name":"(anonymous_12)","line":170,"loc":{"start":{"line":170,"column":75},"end":{"line":173,"column":10}},"skip":true}},"statementMap":{"1":{"start":{"line":12,"column":0},"end":{"line":185,"column":5}},"2":{"start":{"line":14,"column":4},"end":{"line":14,"column":14}},"3":{"start":{"line":19,"column":4},"end":{"line":56,"column":9}},"4":{"start":{"line":21,"column":8},"end":{"line":21,"column":19}},"5":{"start":{"line":23,"column":8},"end":{"line":35,"column":13}},"6":{"start":{"line":24,"column":12},"end":{"line":34,"column":13}},"7":{"start":{"line":25,"column":16},"end":{"line":28,"column":30}},"8":{"start":{"line":30,"column":16},"end":{"line":33,"column":27}},"9":{"start":{"line":37,"column":8},"end":{"line":39,"column":21}},"10":{"start":{"line":40,"column":8},"end":{"line":53,"column":9}},"11":{"start":{"line":43,"column":12},"end":{"line":46,"column":14}},"12":{"start":{"line":47,"column":12},"end":{"line":47,"column":18}},"13":{"start":{"line":50,"column":12},"end":{"line":51,"column":46}},"14":{"start":{"line":52,"column":12},"end":{"line":52,"column":18}},"15":{"start":{"line":55,"column":8},"end":{"line":55,"column":35}},"16":{"start":{"line":61,"column":4},"end":{"line":63,"column":9}},"17":{"start":{"line":62,"column":8},"end":{"line":62,"column":15}},"18":{"start":{"line":64,"column":4},"end":{"line":77,"column":5}},"19":{"start":{"line":70,"column":8},"end":{"line":70,"column":14}},"20":{"start":{"line":76,"column":8},"end":{"line":76,"column":14}},"21":{"start":{"line":82,"column":4},"end":{"line":84,"column":9}},"22":{"start":{"line":83,"column":8},"end":{"line":83,"column":15}},"23":{"start":{"line":85,"column":4},"end":{"line":184,"column":5}},"24":{"start":{"line":92,"column":8},"end":{"line":94,"column":63}},"25":{"start":{"line":95,"column":8},"end":{"line":95,"column":14}},"26":{"start":{"line":102,"column":8},"end":{"line":111,"column":10},"skip":true},"27":{"start":{"line":109,"column":12},"end":{"line":109,"column":55},"skip":true},"28":{"start":{"line":110,"column":12},"end":{"line":110,"column":48},"skip":true},"29":{"start":{"line":113,"column":8},"end":{"line":126,"column":10},"skip":true},"30":{"start":{"line":120,"column":12},"end":{"line":120,"column":76},"skip":true},"31":{"start":{"line":121,"column":12},"end":{"line":121,"column":73},"skip":true},"32":{"start":{"line":122,"column":12},"end":{"line":122,"column":74},"skip":true},"33":{"start":{"line":123,"column":12},"end":{"line":123,"column":79},"skip":true},"34":{"start":{"line":124,"column":12},"end":{"line":124,"column":25},"skip":true},"35":{"start":{"line":125,"column":12},"end":{"line":125,"column":45},"skip":true},"36":{"start":{"line":128,"column":8},"end":{"line":135,"column":14},"skip":true},"37":{"start":{"line":133,"column":16},"end":{"line":133,"column":29},"skip":true},"38":{"start":{"line":134,"column":16},"end":{"line":134,"column":55},"skip":true},"39":{"start":{"line":137,"column":8},"end":{"line":146,"column":10},"skip":true},"40":{"start":{"line":144,"column":12},"end":{"line":144,"column":25},"skip":true},"41":{"start":{"line":145,"column":12},"end":{"line":145,"column":45},"skip":true},"42":{"start":{"line":148,"column":8},"end":{"line":157,"column":10},"skip":true},"43":{"start":{"line":155,"column":12},"end":{"line":155,"column":25},"skip":true},"44":{"start":{"line":156,"column":12},"end":{"line":156,"column":48},"skip":true},"45":{"start":{"line":159,"column":8},"end":{"line":168,"column":10},"skip":true},"46":{"start":{"line":166,"column":12},"end":{"line":166,"column":25},"skip":true},"47":{"start":{"line":167,"column":12},"end":{"line":167,"column":46},"skip":true},"48":{"start":{"line":170,"column":8},"end":{"line":179,"column":10},"skip":true},"49":{"start":{"line":177,"column":12},"end":{"line":177,"column":94},"skip":true},"50":{"start":{"line":178,"column":12},"end":{"line":178,"column":48},"skip":true},"51":{"start":{"line":182,"column":8},"end":{"line":182,"column":35},"skip":true},"52":{"start":{"line":183,"column":8},"end":{"line":183,"column":14},"skip":true}},"branchMap":{"1":{"line":25,"type":"binary-expr","locations":[{"start":{"line":25,"column":23},"end":{"line":25,"column":62}},{"start":{"line":26,"column":20},"end":{"line":26,"column":70}},{"start":{"line":27,"column":20},"end":{"line":27,"column":71}},{"start":{"line":28,"column":20},"end":{"line":28,"column":29}}]},"2":{"line":30,"type":"binary-expr","locations":[{"start":{"line":30,"column":23},"end":{"line":30,"column":37}},{"start":{"line":31,"column":20},"end":{"line":31,"column":61}},{"start":{"line":32,"column":20},"end":{"line":32,"column":70}},{"start":{"line":33,"column":20},"end":{"line":33,"column":26}}]},"3":{"line":37,"type":"cond-expr","locations":[{"start":{"line":38,"column":14},"end":{"line":38,"column":20}},{"start":{"line":39,"column":14},"end":{"line":39,"column":20}}]},"4":{"line":40,"type":"switch","locations":[{"start":{"line":42,"column":8},"end":{"line":47,"column":18}},{"start":{"line":49,"column":8},"end":{"line":52,"column":18}}]},"5":{"line":44,"type":"binary-expr","locations":[{"start":{"line":44,"column":16},"end":{"line":44,"column":44}},{"start":{"line":44,"column":48},"end":{"line":44,"column":66}}]},"6":{"line":50,"type":"binary-expr","locations":[{"start":{"line":50,"column":21},"end":{"line":50,"column":49}},{"start":{"line":50,"column":53},"end":{"line":50,"column":72}}]},"7":{"line":64,"type":"switch","locations":[{"start":{"line":69,"column":4},"end":{"line":70,"column":14}},{"start":{"line":75,"column":4},"end":{"line":76,"column":14}}]},"8":{"line":85,"type":"switch","locations":[{"start":{"line":90,"column":4},"end":{"line":95,"column":14}},{"start":{"line":101,"column":4},"end":{"line":183,"column":14},"skip":true}]},"9":{"line":92,"type":"binary-expr","locations":[{"start":{"line":92,"column":18},"end":{"line":92,"column":32}},{"start":{"line":93,"column":12},"end":{"line":93,"column":53}},{"start":{"line":94,"column":12},"end":{"line":94,"column":61}}]},"10":{"line":102,"type":"binary-expr","locations":[{"start":{"line":102,"column":45},"end":{"line":102,"column":79},"skip":true},{"start":{"line":102,"column":83},"end":{"line":111,"column":9},"skip":true}]},"11":{"line":113,"type":"binary-expr","locations":[{"start":{"line":113,"column":42},"end":{"line":113,"column":73},"skip":true},{"start":{"line":113,"column":77},"end":{"line":126,"column":9},"skip":true}]},"12":{"line":128,"type":"binary-expr","locations":[{"start":{"line":128,"column":48},"end":{"line":128,"column":85},"skip":true},{"start":{"line":129,"column":12},"end":{"line":135,"column":13},"skip":true}]},"13":{"line":137,"type":"binary-expr","locations":[{"start":{"line":137,"column":42},"end":{"line":137,"column":73},"skip":true},{"start":{"line":137,"column":77},"end":{"line":146,"column":9},"skip":true}]},"14":{"line":148,"type":"binary-expr","locations":[{"start":{"line":148,"column":45},"end":{"line":148,"column":79},"skip":true},{"start":{"line":148,"column":83},"end":{"line":157,"column":9},"skip":true}]},"15":{"line":159,"type":"binary-expr","locations":[{"start":{"line":159,"column":43},"end":{"line":159,"column":75},"skip":true},{"start":{"line":159,"column":79},"end":{"line":168,"column":9},"skip":true}]},"16":{"line":170,"type":"binary-expr","locations":[{"start":{"line":170,"column":41},"end":{"line":170,"column":71},"skip":true},{"start":{"line":170,"column":75},"end":{"line":179,"column":9},"skip":true}]}},"code":["/* istanbul instrument in package npmtest_http2 */","/*jslint","    bitwise: true,","    browser: true,","    maxerr: 8,","    maxlen: 96,","    node: true,","    nomen: true,","    regexp: true,","    stupid: true","*/","(function () {","    'use strict';","    var local;","","","","    // run shared js-env code - pre-init","    (function () {","        // init local","        local = {};","        // init modeJs","        local.modeJs = (function () {","            try {","                return typeof navigator.userAgent === 'string' &&","                    typeof document.querySelector('body') === 'object' &&","                    typeof XMLHttpRequest.prototype.open === 'function' &&","                    'browser';","            } catch (errorCaughtBrowser) {","                return module.exports &&","                    typeof process.versions.node === 'string' &&","                    typeof require('http').createServer === 'function' &&","                    'node';","            }","        }());","        // init global","        local.global = local.modeJs === 'browser'","            ? window","            : global;","        switch (local.modeJs) {","        // re-init local from window.local","        case 'browser':","            local = local.global.utility2.objectSetDefault(","                local.global.utility2_rollup || local.global.local,","                local.global.utility2","            );","            break;","        // re-init local from example.js","        case 'node':","            local = (local.global.utility2_rollup || require('utility2'))","                .requireExampleJsFromReadme();","            break;","        }","        // export local","        local.global.local = local;","    }());","","","","    // run shared js-env code - function","    (function () {","        return;","    }());","    switch (local.modeJs) {","","","","    // run browser js-env code - function","    case 'browser':","        break;","","","","    // run node js-env code - function","    case 'node':","        break;","    }","","","","    // run shared js-env code - post-init","    (function () {","        return;","    }());","    switch (local.modeJs) {","","","","    // run browser js-env code - post-init","    case 'browser':","        // run tests","        local.nop(local.modeTest &&","            document.querySelector('#testRunButton1') &&","            document.querySelector('#testRunButton1').click());","        break;","","","","    // run node js-env code - post-init","    /* istanbul ignore next */","    case 'node':","        local.testCase_buildApidoc_default = local.testCase_buildApidoc_default || function (","            options,","            onError","        ) {","        /*","         * this function will test buildApidoc's default handling-behavior-behavior","         */","            options = { modulePathList: module.paths };","            local.buildApidoc(options, onError);","        };","","        local.testCase_buildApp_default = local.testCase_buildApp_default || function (","            options,","            onError","        ) {","        /*","         * this function will test buildApp's default handling-behavior-behavior","         */","            local.testCase_buildReadme_default(options, local.onErrorThrow);","            local.testCase_buildLib_default(options, local.onErrorThrow);","            local.testCase_buildTest_default(options, local.onErrorThrow);","            local.testCase_buildCustomOrg_default(options, local.onErrorThrow);","            options = [];","            local.buildApp(options, onError);","        };","","        local.testCase_buildCustomOrg_default = local.testCase_buildCustomOrg_default ||","            function (options, onError) {","            /*","             * this function will test buildCustomOrg's default handling-behavior","             */","                options = {};","                local.buildCustomOrg(options, onError);","            };","","        local.testCase_buildLib_default = local.testCase_buildLib_default || function (","            options,","            onError","        ) {","        /*","         * this function will test buildLib's default handling-behavior","         */","            options = {};","            local.buildLib(options, onError);","        };","","        local.testCase_buildReadme_default = local.testCase_buildReadme_default || function (","            options,","            onError","        ) {","        /*","         * this function will test buildReadme's default handling-behavior-behavior","         */","            options = {};","            local.buildReadme(options, onError);","        };","","        local.testCase_buildTest_default = local.testCase_buildTest_default || function (","            options,","            onError","        ) {","        /*","         * this function will test buildTest's default handling-behavior","         */","            options = {};","            local.buildTest(options, onError);","        };","","        local.testCase_webpage_default = local.testCase_webpage_default || function (","            options,","            onError","        ) {","        /*","         * this function will test webpage's default handling-behavior","         */","            options = { modeCoverageMerge: true, url: local.serverLocalHost + '?modeTest=1' };","            local.browserTest(options, onError);","        };","","        // run test-server","        local.testRunServer(local);","        break;","    }","}());",""],"l":{"12":2,"14":2,"19":2,"21":2,"23":2,"24":2,"25":2,"30":1,"37":2,"40":2,"43":1,"47":1,"50":1,"52":1,"55":2,"61":2,"62":2,"64":2,"70":1,"76":1,"82":2,"83":2,"85":2,"92":1,"95":1,"102":1,"109":1,"110":1,"113":1,"120":1,"121":1,"122":1,"123":1,"124":1,"125":1,"128":1,"133":2,"134":2,"137":1,"144":2,"145":2,"148":1,"155":2,"156":2,"159":1,"166":2,"167":2,"170":1,"177":1,"178":1,"182":1,"183":1}},"/home/travis/build/npmtest/node-npmtest-http2/lib.npmtest_http2.js":{"path":"/home/travis/build/npmtest/node-npmtest-http2/lib.npmtest_http2.js","s":{"1":2,"2":2,"3":2,"4":2,"5":2,"6":2,"7":2,"8":1,"9":2,"10":2,"11":2,"12":2,"13":1,"14":1,"15":1,"16":1},"b":{"1":[2,1,1,1],"2":[1,1,1,1],"3":[1,1],"4":[2,2],"5":[1,1]},"f":{"1":2,"2":2,"3":2},"fnMap":{"1":{"name":"(anonymous_1)","line":12,"loc":{"start":{"line":12,"column":1},"end":{"line":12,"column":13}}},"2":{"name":"(anonymous_2)","line":19,"loc":{"start":{"line":19,"column":5},"end":{"line":19,"column":17}}},"3":{"name":"(anonymous_3)","line":23,"loc":{"start":{"line":23,"column":24},"end":{"line":23,"column":36}}}},"statementMap":{"1":{"start":{"line":12,"column":0},"end":{"line":53,"column":5}},"2":{"start":{"line":14,"column":4},"end":{"line":14,"column":14}},"3":{"start":{"line":19,"column":4},"end":{"line":52,"column":9}},"4":{"start":{"line":21,"column":8},"end":{"line":21,"column":19}},"5":{"start":{"line":23,"column":8},"end":{"line":35,"column":13}},"6":{"start":{"line":24,"column":12},"end":{"line":34,"column":13}},"7":{"start":{"line":25,"column":16},"end":{"line":28,"column":30}},"8":{"start":{"line":30,"column":16},"end":{"line":33,"column":27}},"9":{"start":{"line":37,"column":8},"end":{"line":39,"column":21}},"10":{"start":{"line":41,"column":8},"end":{"line":41,"column":54}},"11":{"start":{"line":43,"column":8},"end":{"line":43,"column":50}},"12":{"start":{"line":45,"column":8},"end":{"line":51,"column":9}},"13":{"start":{"line":46,"column":12},"end":{"line":46,"column":56}},"14":{"start":{"line":48,"column":12},"end":{"line":48,"column":35}},"15":{"start":{"line":49,"column":12},"end":{"line":49,"column":49}},"16":{"start":{"line":50,"column":12},"end":{"line":50,"column":43}}},"branchMap":{"1":{"line":25,"type":"binary-expr","locations":[{"start":{"line":25,"column":23},"end":{"line":25,"column":62}},{"start":{"line":26,"column":20},"end":{"line":26,"column":70}},{"start":{"line":27,"column":20},"end":{"line":27,"column":71}},{"start":{"line":28,"column":20},"end":{"line":28,"column":29}}]},"2":{"line":30,"type":"binary-expr","locations":[{"start":{"line":30,"column":23},"end":{"line":30,"column":37}},{"start":{"line":31,"column":20},"end":{"line":31,"column":61}},{"start":{"line":32,"column":20},"end":{"line":32,"column":70}},{"start":{"line":33,"column":20},"end":{"line":33,"column":26}}]},"3":{"line":37,"type":"cond-expr","locations":[{"start":{"line":38,"column":14},"end":{"line":38,"column":20}},{"start":{"line":39,"column":14},"end":{"line":39,"column":20}}]},"4":{"line":41,"type":"binary-expr","locations":[{"start":{"line":41,"column":16},"end":{"line":41,"column":44}},{"start":{"line":41,"column":48},"end":{"line":41,"column":53}}]},"5":{"line":45,"type":"if","locations":[{"start":{"line":45,"column":8},"end":{"line":45,"column":8}},{"start":{"line":45,"column":8},"end":{"line":45,"column":8}}]}},"code":["/* istanbul instrument in package npmtest_http2 */","/*jslint","    bitwise: true,","    browser: true,","    maxerr: 8,","    maxlen: 96,","    node: true,","    nomen: true,","    regexp: true,","    stupid: true","*/","(function () {","    'use strict';","    var local;","","","","    // run shared js-env code - pre-init","    (function () {","        // init local","        local = {};","        // init modeJs","        local.modeJs = (function () {","            try {","                return typeof navigator.userAgent === 'string' &&","                    typeof document.querySelector('body') === 'object' &&","                    typeof XMLHttpRequest.prototype.open === 'function' &&","                    'browser';","            } catch (errorCaughtBrowser) {","                return module.exports &&","                    typeof process.versions.node === 'string' &&","                    typeof require('http').createServer === 'function' &&","                    'node';","            }","        }());","        // init global","        local.global = local.modeJs === 'browser'","            ? window","            : global;","        // init utility2_rollup","        local = local.global.utility2_rollup || local;","        // init lib","        local.local = local.npmtest_http2 = local;","        // init exports","        if (local.modeJs === 'browser') {","            local.global.utility2_npmtest_http2 = local;","        } else {","            module.exports = local;","            module.exports.__dirname = __dirname;","            module.exports.module = module;","        }","    }());","}());",""],"l":{"12":2,"14":2,"19":2,"21":2,"23":2,"24":2,"25":2,"30":1,"37":2,"41":2,"43":2,"45":2,"46":1,"48":1,"49":1,"50":1}},"/home/travis/build/npmtest/node-npmtest-http2/example.js":{"path":"/home/travis/build/npmtest/node-npmtest-http2/example.js","s":{"1":2,"2":2,"3":2,"4":2,"5":2,"6":2,"7":2,"8":1,"9":2,"10":2,"11":2,"12":2,"13":1,"14":2,"15":2,"16":2,"17":2,"18":2,"19":0,"20":2,"21":1,"22":1,"23":1,"24":1,"25":1,"26":0,"27":0,"28":1,"29":1,"30":2,"31":0,"32":0,"33":0,"34":1,"35":2,"36":2,"37":2,"38":2,"39":2,"40":2,"41":0,"42":2,"43":2,"44":2,"45":1,"46":3,"47":1,"48":1,"49":1,"50":1,"51":1,"52":1,"53":1,"54":1,"55":1,"56":1,"57":0,"58":1,"59":6,"60":6,"61":1,"62":2,"63":0,"64":2,"65":1,"66":1,"67":0,"68":0,"69":0,"70":0,"71":0,"72":0,"73":0,"74":0,"75":0,"76":0,"77":0,"78":0,"79":0,"80":0,"81":0,"82":0,"83":0},"b":{"1":[2,1,1,1],"2":[1,1,1,1],"3":[1,1],"4":[2,2],"5":[1,1],"6":[1,1],"7":[2,0],"8":[2,1,1,1,1,1],"9":[0,2,0],"10":[1,1],"11":[2,1,1],"12":[1,0],"13":[0,2],"14":[2,0,0,0,0,0,0],"15":[0,2],"16":[2,0],"17":[1,1],"18":[0,1],"19":[1,2,0,2],"20":[1,0],"21":[1,1],"22":[0,0],"23":[0,0],"24":[0,0],"25":[0,0],"26":[0,0],"27":[0,0],"28":[0,0]},"f":{"1":2,"2":2,"3":2,"4":2,"5":2,"6":2,"7":2,"8":2,"9":3,"10":1,"11":6,"12":0},"fnMap":{"1":{"name":"(anonymous_1)","line":26,"loc":{"start":{"line":26,"column":1},"end":{"line":26,"column":13}}},"2":{"name":"(anonymous_2)","line":33,"loc":{"start":{"line":33,"column":5},"end":{"line":33,"column":17}}},"3":{"name":"(anonymous_3)","line":37,"loc":{"start":{"line":37,"column":24},"end":{"line":37,"column":36}}},"4":{"name":"(anonymous_4)","line":69,"loc":{"start":{"line":69,"column":31},"end":{"line":69,"column":48}},"skip":true},"5":{"name":"(anonymous_5)","line":78,"loc":{"start":{"line":78,"column":26},"end":{"line":78,"column":45}},"skip":true},"6":{"name":"(anonymous_6)","line":123,"loc":{"start":{"line":123,"column":33},"end":{"line":123,"column":48}},"skip":true},"7":{"name":"(anonymous_7)","line":125,"loc":{"start":{"line":125,"column":27},"end":{"line":125,"column":39}},"skip":true},"8":{"name":"(anonymous_8)","line":133,"loc":{"start":{"line":133,"column":59},"end":{"line":133,"column":74}},"skip":true},"9":{"name":"(anonymous_9)","line":143,"loc":{"start":{"line":143,"column":45},"end":{"line":143,"column":62}},"skip":true},"10":{"name":"(anonymous_10)","line":144,"loc":{"start":{"line":144,"column":73},"end":{"line":144,"column":92}},"skip":true},"11":{"name":"(anonymous_11)","line":272,"loc":{"start":{"line":272,"column":51},"end":{"line":272,"column":77}},"skip":true},"12":{"name":"(anonymous_12)","line":314,"loc":{"start":{"line":314,"column":32},"end":{"line":314,"column":61}},"skip":true}},"statementMap":{"1":{"start":{"line":26,"column":0},"end":{"line":325,"column":5}},"2":{"start":{"line":28,"column":4},"end":{"line":28,"column":14}},"3":{"start":{"line":33,"column":4},"end":{"line":60,"column":9}},"4":{"start":{"line":35,"column":8},"end":{"line":35,"column":19}},"5":{"start":{"line":37,"column":8},"end":{"line":49,"column":13}},"6":{"start":{"line":38,"column":12},"end":{"line":48,"column":13}},"7":{"start":{"line":39,"column":16},"end":{"line":42,"column":30}},"8":{"start":{"line":44,"column":16},"end":{"line":47,"column":27}},"9":{"start":{"line":51,"column":8},"end":{"line":53,"column":21}},"10":{"start":{"line":55,"column":8},"end":{"line":57,"column":45}},"11":{"start":{"line":59,"column":8},"end":{"line":59,"column":35}},"12":{"start":{"line":61,"column":4},"end":{"line":324,"column":5}},"13":{"start":{"line":69,"column":8},"end":{"line":121,"column":10},"skip":true},"14":{"start":{"line":70,"column":12},"end":{"line":88,"column":13},"skip":true},"15":{"start":{"line":76,"column":16},"end":{"line":87,"column":19},"skip":true},"16":{"start":{"line":79,"column":20},"end":{"line":86,"column":21},"skip":true},"17":{"start":{"line":82,"column":24},"end":{"line":82,"column":43},"skip":true},"18":{"start":{"line":83,"column":24},"end":{"line":83,"column":30},"skip":true},"19":{"start":{"line":85,"column":24},"end":{"line":85,"column":49},"skip":true},"20":{"start":{"line":89,"column":12},"end":{"line":107,"column":13},"skip":true},"21":{"start":{"line":92,"column":16},"end":{"line":102,"column":17},"skip":true},"22":{"start":{"line":93,"column":20},"end":{"line":93,"column":86},"skip":true},"23":{"start":{"line":94,"column":20},"end":{"line":95,"column":45},"skip":true},"24":{"start":{"line":96,"column":20},"end":{"line":96,"column":42},"skip":true},"25":{"start":{"line":97,"column":20},"end":{"line":97,"column":48},"skip":true},"26":{"start":{"line":100,"column":20},"end":{"line":100,"column":85},"skip":true},"27":{"start":{"line":101,"column":20},"end":{"line":101,"column":96},"skip":true},"28":{"start":{"line":103,"column":16},"end":{"line":103,"column":22},"skip":true},"29":{"start":{"line":106,"column":16},"end":{"line":106,"column":22},"skip":true},"30":{"start":{"line":108,"column":12},"end":{"line":120,"column":13},"skip":true},"31":{"start":{"line":114,"column":16},"end":{"line":119,"column":17},"skip":true},"32":{"start":{"line":116,"column":20},"end":{"line":116,"column":78},"skip":true},"33":{"start":{"line":118,"column":20},"end":{"line":118,"column":53},"skip":true},"34":{"start":{"line":123,"column":8},"end":{"line":141,"column":11},"skip":true},"35":{"start":{"line":124,"column":12},"end":{"line":124,"column":54},"skip":true},"36":{"start":{"line":125,"column":12},"end":{"line":140,"column":14},"skip":true},"37":{"start":{"line":126,"column":16},"end":{"line":126,"column":28},"skip":true},"38":{"start":{"line":127,"column":16},"end":{"line":127,"column":69},"skip":true},"39":{"start":{"line":128,"column":16},"end":{"line":128,"column":75},"skip":true},"40":{"start":{"line":129,"column":16},"end":{"line":131,"column":17},"skip":true},"41":{"start":{"line":130,"column":20},"end":{"line":130,"column":27},"skip":true},"42":{"start":{"line":133,"column":16},"end":{"line":137,"column":36},"skip":true},"43":{"start":{"line":134,"column":20},"end":{"line":136,"column":55},"skip":true},"44":{"start":{"line":139,"column":16},"end":{"line":139,"column":57},"skip":true},"45":{"start":{"line":143,"column":8},"end":{"line":147,"column":11},"skip":true},"46":{"start":{"line":144,"column":12},"end":{"line":146,"column":15},"skip":true},"47":{"start":{"line":145,"column":16},"end":{"line":145,"column":70},"skip":true},"48":{"start":{"line":149,"column":8},"end":{"line":149,"column":31},"skip":true},"49":{"start":{"line":150,"column":8},"end":{"line":150,"column":14},"skip":true},"50":{"start":{"line":158,"column":8},"end":{"line":158,"column":31},"skip":true},"51":{"start":{"line":160,"column":8},"end":{"line":160,"column":33},"skip":true},"52":{"start":{"line":161,"column":8},"end":{"line":161,"column":37},"skip":true},"53":{"start":{"line":162,"column":8},"end":{"line":162,"column":35},"skip":true},"54":{"start":{"line":164,"column":8},"end":{"line":164,"column":50},"skip":true},"55":{"start":{"line":166,"column":8},"end":{"line":256,"column":2},"skip":true},"56":{"start":{"line":258,"column":8},"end":{"line":286,"column":9},"skip":true},"57":{"start":{"line":259,"column":12},"end":{"line":269,"column":14},"skip":true},"58":{"start":{"line":271,"column":12},"end":{"line":285,"column":19},"skip":true},"59":{"start":{"line":274,"column":20},"end":{"line":274,"column":35},"skip":true},"60":{"start":{"line":275,"column":20},"end":{"line":284,"column":21},"skip":true},"61":{"start":{"line":277,"column":24},"end":{"line":277,"column":64},"skip":true},"62":{"start":{"line":279,"column":24},"end":{"line":279,"column":40},"skip":true},"63":{"start":{"line":281,"column":24},"end":{"line":281,"column":40},"skip":true},"64":{"start":{"line":283,"column":24},"end":{"line":283,"column":39},"skip":true},"65":{"start":{"line":288,"column":8},"end":{"line":290,"column":9},"skip":true},"66":{"start":{"line":289,"column":12},"end":{"line":289,"column":18},"skip":true},"67":{"start":{"line":291,"column":8},"end":{"line":293,"column":54},"skip":true},"68":{"start":{"line":294,"column":8},"end":{"line":301,"column":37},"skip":true},"69":{"start":{"line":302,"column":8},"end":{"line":302,"column":82},"skip":true},"70":{"start":{"line":305,"column":8},"end":{"line":307,"column":9},"skip":true},"71":{"start":{"line":306,"column":12},"end":{"line":306,"column":82},"skip":true},"72":{"start":{"line":309,"column":8},"end":{"line":311,"column":9},"skip":true},"73":{"start":{"line":310,"column":12},"end":{"line":310,"column":18},"skip":true},"74":{"start":{"line":312,"column":8},"end":{"line":312,"column":54},"skip":true},"75":{"start":{"line":313,"column":8},"end":{"line":313,"column":69},"skip":true},"76":{"start":{"line":314,"column":8},"end":{"line":322,"column":36},"skip":true},"77":{"start":{"line":315,"column":12},"end":{"line":315,"column":61},"skip":true},"78":{"start":{"line":316,"column":12},"end":{"line":319,"column":13},"skip":true},"79":{"start":{"line":317,"column":16},"end":{"line":317,"column":75},"skip":true},"80":{"start":{"line":318,"column":16},"end":{"line":318,"column":23},"skip":true},"81":{"start":{"line":320,"column":12},"end":{"line":320,"column":38},"skip":true},"82":{"start":{"line":321,"column":12},"end":{"line":321,"column":27},"skip":true},"83":{"start":{"line":323,"column":8},"end":{"line":323,"column":14},"skip":true}},"branchMap":{"1":{"line":39,"type":"binary-expr","locations":[{"start":{"line":39,"column":23},"end":{"line":39,"column":62}},{"start":{"line":40,"column":20},"end":{"line":40,"column":70}},{"start":{"line":41,"column":20},"end":{"line":41,"column":71}},{"start":{"line":42,"column":20},"end":{"line":42,"column":29}}]},"2":{"line":44,"type":"binary-expr","locations":[{"start":{"line":44,"column":23},"end":{"line":44,"column":37}},{"start":{"line":45,"column":20},"end":{"line":45,"column":61}},{"start":{"line":46,"column":20},"end":{"line":46,"column":70}},{"start":{"line":47,"column":20},"end":{"line":47,"column":26}}]},"3":{"line":51,"type":"cond-expr","locations":[{"start":{"line":52,"column":14},"end":{"line":52,"column":20}},{"start":{"line":53,"column":14},"end":{"line":53,"column":20}}]},"4":{"line":55,"type":"binary-expr","locations":[{"start":{"line":55,"column":16},"end":{"line":55,"column":44}},{"start":{"line":55,"column":49},"end":{"line":57,"column":43}}]},"5":{"line":55,"type":"cond-expr","locations":[{"start":{"line":56,"column":14},"end":{"line":56,"column":49}},{"start":{"line":57,"column":14},"end":{"line":57,"column":43}}]},"6":{"line":61,"type":"switch","locations":[{"start":{"line":68,"column":4},"end":{"line":150,"column":14},"skip":true},{"start":{"line":156,"column":4},"end":{"line":323,"column":14},"skip":true}]},"7":{"line":70,"type":"if","locations":[{"start":{"line":70,"column":12},"end":{"line":70,"column":12},"skip":true},{"start":{"line":70,"column":12},"end":{"line":70,"column":12},"skip":true}]},"8":{"line":70,"type":"binary-expr","locations":[{"start":{"line":70,"column":16},"end":{"line":70,"column":22},"skip":true},{"start":{"line":70,"column":27},"end":{"line":70,"column":32},"skip":true},{"start":{"line":71,"column":20},"end":{"line":71,"column":39},"skip":true},{"start":{"line":72,"column":20},"end":{"line":72,"column":49},"skip":true},{"start":{"line":73,"column":20},"end":{"line":73,"column":58},"skip":true},{"start":{"line":74,"column":20},"end":{"line":74,"column":69},"skip":true}]},"9":{"line":79,"type":"switch","locations":[{"start":{"line":80,"column":20},"end":{"line":80,"column":33},"skip":true},{"start":{"line":81,"column":20},"end":{"line":83,"column":30},"skip":true},{"start":{"line":84,"column":20},"end":{"line":85,"column":49},"skip":true}]},"10":{"line":89,"type":"switch","locations":[{"start":{"line":90,"column":12},"end":{"line":103,"column":22},"skip":true},{"start":{"line":105,"column":12},"end":{"line":106,"column":22},"skip":true}]},"11":{"line":89,"type":"binary-expr","locations":[{"start":{"line":89,"column":20},"end":{"line":89,"column":25},"skip":true},{"start":{"line":89,"column":29},"end":{"line":89,"column":48},"skip":true},{"start":{"line":89,"column":52},"end":{"line":89,"column":74},"skip":true}]},"12":{"line":92,"type":"if","locations":[{"start":{"line":92,"column":16},"end":{"line":92,"column":16},"skip":true},{"start":{"line":92,"column":16},"end":{"line":92,"column":16},"skip":true}]},"13":{"line":108,"type":"if","locations":[{"start":{"line":108,"column":12},"end":{"line":108,"column":12},"skip":true},{"start":{"line":108,"column":12},"end":{"line":108,"column":12},"skip":true}]},"14":{"line":108,"type":"binary-expr","locations":[{"start":{"line":108,"column":16},"end":{"line":108,"column":61},"skip":true},{"start":{"line":108,"column":66},"end":{"line":108,"column":72},"skip":true},{"start":{"line":108,"column":77},"end":{"line":108,"column":82},"skip":true},{"start":{"line":109,"column":20},"end":{"line":109,"column":39},"skip":true},{"start":{"line":110,"column":20},"end":{"line":110,"column":49},"skip":true},{"start":{"line":111,"column":20},"end":{"line":111,"column":58},"skip":true},{"start":{"line":112,"column":20},"end":{"line":112,"column":68},"skip":true}]},"15":{"line":129,"type":"if","locations":[{"start":{"line":129,"column":16},"end":{"line":129,"column":16},"skip":true},{"start":{"line":129,"column":16},"end":{"line":129,"column":16},"skip":true}]},"16":{"line":134,"type":"cond-expr","locations":[{"start":{"line":135,"column":26},"end":{"line":135,"column":29},"skip":true},{"start":{"line":136,"column":26},"end":{"line":136,"column":54},"skip":true}]},"17":{"line":164,"type":"binary-expr","locations":[{"start":{"line":164,"column":27},"end":{"line":164,"column":43},"skip":true},{"start":{"line":164,"column":47},"end":{"line":164,"column":49},"skip":true}]},"18":{"line":258,"type":"if","locations":[{"start":{"line":258,"column":8},"end":{"line":258,"column":8},"skip":true},{"start":{"line":258,"column":8},"end":{"line":258,"column":8},"skip":true}]},"19":{"line":275,"type":"switch","locations":[{"start":{"line":276,"column":20},"end":{"line":277,"column":64},"skip":true},{"start":{"line":278,"column":20},"end":{"line":279,"column":40},"skip":true},{"start":{"line":280,"column":20},"end":{"line":281,"column":40},"skip":true},{"start":{"line":282,"column":20},"end":{"line":283,"column":39},"skip":true}]},"20":{"line":288,"type":"if","locations":[{"start":{"line":288,"column":8},"end":{"line":288,"column":8},"skip":true},{"start":{"line":288,"column":8},"end":{"line":288,"column":8},"skip":true}]},"21":{"line":288,"type":"binary-expr","locations":[{"start":{"line":288,"column":12},"end":{"line":288,"column":40},"skip":true},{"start":{"line":288,"column":44},"end":{"line":288,"column":67},"skip":true}]},"22":{"line":292,"type":"binary-expr","locations":[{"start":{"line":292,"column":12},"end":{"line":292,"column":50},"skip":true},{"start":{"line":293,"column":12},"end":{"line":293,"column":53},"skip":true}]},"23":{"line":295,"type":"binary-expr","locations":[{"start":{"line":295,"column":12},"end":{"line":295,"column":63},"skip":true},{"start":{"line":296,"column":12},"end":{"line":301,"column":36},"skip":true}]},"24":{"line":302,"type":"binary-expr","locations":[{"start":{"line":302,"column":43},"end":{"line":302,"column":75},"skip":true},{"start":{"line":302,"column":79},"end":{"line":302,"column":81},"skip":true}]},"25":{"line":305,"type":"if","locations":[{"start":{"line":305,"column":8},"end":{"line":305,"column":8},"skip":true},{"start":{"line":305,"column":8},"end":{"line":305,"column":8},"skip":true}]},"26":{"line":309,"type":"if","locations":[{"start":{"line":309,"column":8},"end":{"line":309,"column":8},"skip":true},{"start":{"line":309,"column":8},"end":{"line":309,"column":8},"skip":true}]},"27":{"line":312,"type":"binary-expr","locations":[{"start":{"line":312,"column":27},"end":{"line":312,"column":43},"skip":true},{"start":{"line":312,"column":47},"end":{"line":312,"column":53},"skip":true}]},"28":{"line":316,"type":"if","locations":[{"start":{"line":316,"column":12},"end":{"line":316,"column":12},"skip":true},{"start":{"line":316,"column":12},"end":{"line":316,"column":12},"skip":true}]}},"code":["/*","example.js","","quickstart example","","instruction","    1. save this script as example.js","    2. run the shell command:","        $ npm install npmtest-http2 && PORT=8081 node example.js","    3. play with the browser-demo on http://127.0.0.1:8081","*/","","","","/* istanbul instrument in package npmtest_http2 */","/*jslint","    bitwise: true,","    browser: true,","    maxerr: 8,","    maxlen: 96,","    node: true,","    nomen: true,","    regexp: true,","    stupid: true","*/","(function () {","    'use strict';","    var local;","","","","    // run shared js-env code - pre-init","    (function () {","        // init local","        local = {};","        // init modeJs","        local.modeJs = (function () {","            try {","                return typeof navigator.userAgent === 'string' &&","                    typeof document.querySelector('body') === 'object' &&","                    typeof XMLHttpRequest.prototype.open === 'function' &&","                    'browser';","            } catch (errorCaughtBrowser) {","                return module.exports &&","                    typeof process.versions.node === 'string' &&","                    typeof require('http').createServer === 'function' &&","                    'node';","            }","        }());","        // init global","        local.global = local.modeJs === 'browser'","            ? window","            : global;","        // init utility2_rollup","        local = local.global.utility2_rollup || (local.modeJs === 'browser'","            ? local.global.utility2_npmtest_http2","            : global.utility2_moduleExports);","        // export local","        local.global.local = local;","    }());","    switch (local.modeJs) {","","","","    // post-init","    // run browser js-env code - post-init","    /* istanbul ignore next */","    case 'browser':","        local.testRunBrowser = function (event) {","            if (!event || (event &&","                    event.currentTarget &&","                    event.currentTarget.className &&","                    event.currentTarget.className.includes &&","                    event.currentTarget.className.includes('onreset'))) {","                // reset output","                Array.from(","                    document.querySelectorAll('body > .resettable')","                ).forEach(function (element) {","                    switch (element.tagName) {","                    case 'INPUT':","                    case 'TEXTAREA':","                        element.value = '';","                        break;","                    default:","                        element.textContent = '';","                    }","                });","            }","            switch (event && event.currentTarget && event.currentTarget.id) {","            case 'testRunButton1':","                // show tests","                if (document.querySelector('#testReportDiv1').style.display === 'none') {","                    document.querySelector('#testReportDiv1').style.display = 'block';","                    document.querySelector('#testRunButton1').textContent =","                        'hide internal test';","                    local.modeTest = true;","                    local.testRunDefault(local);","                // hide tests","                } else {","                    document.querySelector('#testReportDiv1').style.display = 'none';","                    document.querySelector('#testRunButton1').textContent = 'run internal test';","                }","                break;","            // custom-case","            default:","                break;","            }","            if (document.querySelector('#inputTextareaEval1') && (!event || (event &&","                    event.currentTarget &&","                    event.currentTarget.className &&","                    event.currentTarget.className.includes &&","                    event.currentTarget.className.includes('oneval')))) {","                // try to eval input-code","                try {","                    /*jslint evil: true*/","                    eval(document.querySelector('#inputTextareaEval1').value);","                } catch (errorCaught) {","                    console.error(errorCaught.stack);","                }","            }","        };","        // log stderr and stdout to #outputTextareaStdout1","        ['error', 'log'].forEach(function (key) {","            console[key + '_original'] = console[key];","            console[key] = function () {","                var element;","                console[key + '_original'].apply(console, arguments);","                element = document.querySelector('#outputTextareaStdout1');","                if (!element) {","                    return;","                }","                // append text to #outputTextareaStdout1","                element.value += Array.from(arguments).map(function (arg) {","                    return typeof arg === 'string'","                        ? arg","                        : JSON.stringify(arg, null, 4);","                }).join(' ') + '\\n';","                // scroll textarea to bottom","                element.scrollTop = element.scrollHeight;","            };","        });","        // init event-handling","        ['change', 'click', 'keyup'].forEach(function (event) {","            Array.from(document.querySelectorAll('.on' + event)).forEach(function (element) {","                element.addEventListener(event, local.testRunBrowser);","            });","        });","        // run tests","        local.testRunBrowser();","        break;","","","","    // run node js-env code - post-init","    /* istanbul ignore next */","    case 'node':","        // export local","        module.exports = local;","        // require modules","        local.fs = require('fs');","        local.http = require('http');","        local.url = require('url');","        // init assets","        local.assetsDict = local.assetsDict || {};","        /* jslint-ignore-begin */","        local.assetsDict['/assets.index.template.html'] = '\\","<!doctype html>\\n\\","<html lang=\"en\">\\n\\","<head>\\n\\","<meta charset=\"UTF-8\">\\n\\","<meta name=\"viewport\" content=\"width=device-width, initial-scale=1\">\\n\\","<title>{{env.npm_package_name}} (v{{env.npm_package_version}})</title>\\n\\","<style>\\n\\","/*csslint\\n\\","    box-sizing: false,\\n\\","    universal-selector: false\\n\\","*/\\n\\","* {\\n\\","    box-sizing: border-box;\\n\\","}\\n\\","body {\\n\\","    background: #dde;\\n\\","    font-family: Arial, Helvetica, sans-serif;\\n\\","    margin: 2rem;\\n\\","}\\n\\","body > * {\\n\\","    margin-bottom: 1rem;\\n\\","}\\n\\",".utility2FooterDiv {\\n\\","    margin-top: 20px;\\n\\","    text-align: center;\\n\\","}\\n\\","</style>\\n\\","<style>\\n\\","/*csslint\\n\\","*/\\n\\","textarea {\\n\\","    font-family: monospace;\\n\\","    height: 10rem;\\n\\","    width: 100%;\\n\\","}\\n\\","textarea[readonly] {\\n\\","    background: #ddd;\\n\\","}\\n\\","</style>\\n\\","</head>\\n\\","<body>\\n\\","<!-- utility2-comment\\n\\","<div id=\"ajaxProgressDiv1\" style=\"background: #d00; height: 2px; left: 0; margin: 0; padding: 0; position: fixed; top: 0; transition: background 0.5s, width 1.5s; width: 25%;\"></div>\\n\\","utility2-comment -->\\n\\","<h1>\\n\\","<!-- utility2-comment\\n\\","    <a\\n\\","        {{#if env.npm_package_homepage}}\\n\\","        href=\"{{env.npm_package_homepage}}\"\\n\\","        {{/if env.npm_package_homepage}}\\n\\","        target=\"_blank\"\\n\\","    >\\n\\","utility2-comment -->\\n\\","        {{env.npm_package_name}} (v{{env.npm_package_version}})\\n\\","<!-- utility2-comment\\n\\","    </a>\\n\\","utility2-comment -->\\n\\","</h1>\\n\\","<h3>{{env.npm_package_description}}</h3>\\n\\","<!-- utility2-comment\\n\\","<h4><a download href=\"assets.app.js\">download standalone app</a></h4>\\n\\","<button class=\"onclick onreset\" id=\"testRunButton1\">run internal test</button><br>\\n\\","<div id=\"testReportDiv1\" style=\"display: none;\"></div>\\n\\","utility2-comment -->\\n\\","\\n\\","\\n\\","\\n\\","<label>stderr and stdout</label>\\n\\","<textarea class=\"resettable\" id=\"outputTextareaStdout1\" readonly></textarea>\\n\\","<!-- utility2-comment\\n\\","{{#if isRollup}}\\n\\","<script src=\"assets.app.js\"></script>\\n\\","{{#unless isRollup}}\\n\\","utility2-comment -->\\n\\","<script src=\"assets.utility2.rollup.js\"></script>\\n\\","<script src=\"jsonp.utility2._stateInit?callback=window.utility2._stateInit\"></script>\\n\\","<script src=\"assets.npmtest_http2.rollup.js\"></script>\\n\\","<script src=\"assets.example.js\"></script>\\n\\","<script src=\"assets.test.js\"></script>\\n\\","<!-- utility2-comment\\n\\","{{/if isRollup}}\\n\\","utility2-comment -->\\n\\","<div class=\"utility2FooterDiv\">\\n\\","    [ this app was created with\\n\\","    <a href=\"https://github.com/kaizhu256/node-utility2\" target=\"_blank\">utility2</a>\\n\\","    ]\\n\\","</div>\\n\\","</body>\\n\\","</html>\\n\\","';","        /* jslint-ignore-end */","        if (local.templateRender) {","            local.assetsDict['/'] = local.templateRender(","                local.assetsDict['/assets.index.template.html'],","                {","                    env: local.objectSetDefault(local.env, {","                        npm_package_description: 'the greatest app in the world!',","                        npm_package_name: 'my-app',","                        npm_package_nameAlias: 'my_app',","                        npm_package_version: '0.0.1'","                    })","                }","            );","        } else {","            local.assetsDict['/'] = local.assetsDict['/assets.index.template.html']","                .replace((/\\{\\{env\\.(\\w+?)\\}\\}/g), function (match0, match1) {","                    // jslint-hack","                    String(match0);","                    switch (match1) {","                    case 'npm_package_description':","                        return 'the greatest app in the world!';","                    case 'npm_package_name':","                        return 'my-app';","                    case 'npm_package_nameAlias':","                        return 'my_app';","                    case 'npm_package_version':","                        return '0.0.1';","                    }","                });","        }","        // run the cli","        if (local.global.utility2_rollup || module !== require.main) {","            break;","        }","        local.assetsDict['/assets.example.js'] =","            local.assetsDict['/assets.example.js'] ||","            local.fs.readFileSync(__filename, 'utf8');","        local.assetsDict['/assets.npmtest_http2.rollup.js'] =","            local.assetsDict['/assets.npmtest_http2.rollup.js'] ||","            local.fs.readFileSync(","                // buildCustomOrg-hack","                local.npmtest_http2.__dirname +","                    '/lib.npmtest_http2.js',","                'utf8'","            ).replace((/^#!/), '//');","        local.assetsDict['/favicon.ico'] = local.assetsDict['/favicon.ico'] || '';","        // if $npm_config_timeout_exit exists,","        // then exit this process after $npm_config_timeout_exit ms","        if (Number(process.env.npm_config_timeout_exit)) {","            setTimeout(process.exit, Number(process.env.npm_config_timeout_exit));","        }","        // start server","        if (local.global.utility2_serverHttp1) {","            break;","        }","        process.env.PORT = process.env.PORT || '8081';","        console.error('server starting on port ' + process.env.PORT);","        local.http.createServer(function (request, response) {","            request.urlParsed = local.url.parse(request.url);","            if (local.assetsDict[request.urlParsed.pathname] !== undefined) {","                response.end(local.assetsDict[request.urlParsed.pathname]);","                return;","            }","            response.statusCode = 404;","            response.end();","        }).listen(process.env.PORT);","        break;","    }","}());",""],"l":{"26":2,"28":2,"33":2,"35":2,"37":2,"38":2,"39":2,"44":1,"51":2,"55":2,"59":2,"61":2,"69":1,"70":2,"76":2,"79":2,"82":2,"83":2,"85":1,"89":2,"92":1,"93":1,"94":1,"96":1,"97":1,"100":1,"101":1,"103":1,"106":1,"108":2,"114":1,"116":1,"118":1,"123":1,"124":2,"125":2,"126":2,"127":2,"128":2,"129":2,"130":1,"133":2,"134":2,"139":2,"143":1,"144":3,"145":1,"149":1,"150":1,"158":1,"160":1,"161":1,"162":1,"164":1,"166":1,"258":1,"259":1,"271":1,"274":6,"275":6,"277":1,"279":2,"281":1,"283":2,"288":1,"289":1,"291":1,"294":1,"302":1,"305":1,"306":1,"309":1,"310":1,"312":1,"313":1,"314":1,"315":1,"316":1,"317":1,"318":1,"320":1,"321":1,"323":1}},"/home/travis/build/npmtest/node-npmtest-http2/http2/lib/index.js":{"path":"/home/travis/build/npmtest/node-npmtest-http2/http2/lib/index.js","s":{"1":1},"b":{},"f":{},"fnMap":{},"statementMap":{"1":{"start":{"line":18,"column":0},"end":{"line":18,"column":37}}},"branchMap":{},"code":["// [node-http2][homepage] is an [HTTP/2][http2] implementation for [node.js][node].","//","// The core of the protocol is implemented in the protocol sub-directory. This directory provides","// two important features on top of the protocol:","//","// * Implementation of different negotiation schemes that can be used to start a HTTP2 connection.","//   These include TLS ALPN, Upgrade and Plain TCP.","//","// * Providing an API very similar to the standard node.js [HTTPS module API][node-https]","//   (which is in turn very similar to the [HTTP module API][node-http]).","//","// [homepage]:            https://github.com/molnarg/node-http2","// [http2]:               https://tools.ietf.org/html/rfc7540","// [node]:                https://nodejs.org/","// [node-https]:          https://nodejs.org/api/https.html","// [node-http]:           https://nodejs.org/api/http.html","","module.exports   = require('./http');","","/*","                  HTTP API","","               |            ^","               |            |"," +-------------|------------|------------------------------------------------------+"," |             |            |        Server/Agent                                  |"," |             v            |                                                      |"," |        +----------+ +----------+                                                |"," |        | Outgoing | | Incoming |                                                |"," |        | req/res. | | req/res. |                                                |"," |        +----------+ +----------+                                                |"," |             |            ^                                                      |"," |             |            |                                                      |"," |   +---------|------------|-------------------------------------+   +-----       |"," |   |         |            |   Endpoint                          |   |            |"," |   |         |            |                                     |   |            |"," |   |         v            |                                     |   |            |"," |   |    +-----------------------+  +--------------------        |   |            |"," |   |    |        Stream         |  |         Stream      ...    |   |            |"," |   |    +-----------------------+  +--------------------        |   |            |"," |   |                                                            |   |            |"," |   +------------------------------------------------------------+   +-----       |"," |                             |        |                                          |"," |                             |        |                                          |"," |                             v        |                                          |"," |   +------------------------------------------------------------+   +-----       |"," |   |                         TCP stream                         |   |      ...   |"," |   +------------------------------------------------------------+   +-----       |"," |                                                                                 |"," +---------------------------------------------------------------------------------+","","*/",""],"l":{"18":1}},"/home/travis/build/npmtest/node-npmtest-http2/http2/lib/http.js":{"path":"/home/travis/build/npmtest/node-npmtest-http2/http2/lib/http.js","s":{"1":1,"2":1,"3":1,"4":1,"5":1,"6":1,"7":1,"8":1,"9":1,"10":1,"11":1,"12":1,"13":1,"14":1,"15":1,"16":1,"17":1,"18":1,"19":1,"20":1,"21":1,"22":1,"23":1,"24":0,"25":0,"26":0,"27":0,"28":0,"29":0,"30":0,"31":0,"32":0,"33":0,"34":0,"35":0,"36":1,"37":1,"38":0,"39":0,"40":0,"41":0,"42":0,"43":0,"44":0,"45":0,"46":0,"47":1,"48":0,"49":1,"50":1,"51":0,"52":0,"53":0,"54":0,"55":1,"56":0,"57":0,"58":0,"59":0,"60":0,"61":0,"62":0,"63":0,"64":0,"65":0,"66":0,"67":0,"68":0,"69":1,"70":0,"71":0,"72":0,"73":0,"74":0,"75":0,"76":1,"77":1,"78":0,"79":0,"80":0,"81":1,"82":0,"83":0,"84":0,"85":0,"86":0,"87":0,"88":0,"89":0,"90":1,"91":0,"92":0,"93":0,"94":0,"95":0,"96":0,"97":1,"98":0,"99":0,"100":0,"101":1,"102":0,"103":1,"104":0,"105":1,"106":1,"107":1,"108":1,"109":1,"110":1,"111":1,"112":1,"113":0,"114":0,"115":0,"116":0,"117":0,"118":0,"119":0,"120":0,"121":0,"122":0,"123":0,"124":1,"125":0,"126":0,"127":0,"128":0,"129":0,"130":0,"131":0,"132":0,"133":0,"134":0,"135":0,"136":0,"137":0,"138":0,"139":0,"140":0,"141":0,"142":0,"143":0,"144":0,"145":0,"146":0,"147":0,"148":0,"149":0,"150":0,"151":0,"152":0,"153":0,"154":0,"155":1,"156":1,"157":0,"158":0,"159":0,"160":0,"161":0,"162":0,"163":0,"164":0,"165":0,"166":0,"167":0,"168":0,"169":0,"170":0,"171":1,"172":0,"173":0,"174":0,"175":0,"176":0,"177":1,"178":0,"179":0,"180":0,"181":1,"182":0,"183":0,"184":1,"185":0,"186":0,"187":1,"188":0,"189":0,"190":0,"191":0,"192":0,"193":1,"194":0,"195":0,"196":0,"197":1,"198":0,"199":0,"200":1,"201":0,"202":1,"203":0,"204":0,"205":0,"206":0,"207":0,"208":0,"209":0,"210":0,"211":0,"212":0,"213":1,"214":0,"215":0,"216":0,"217":0,"218":0,"219":0,"220":0,"221":0,"222":0,"223":1,"224":1,"225":1,"226":1,"227":1,"228":1,"229":1,"230":1,"231":1,"232":0,"233":1,"234":1,"235":1,"236":0,"237":1,"238":1,"239":0,"240":0,"241":0,"242":0,"243":0,"244":0,"245":0,"246":0,"247":0,"248":0,"249":1,"250":0,"251":0,"252":0,"253":0,"254":0,"255":0,"256":1,"257":1,"258":0,"259":0,"260":0,"261":0,"262":0,"263":0,"264":0,"265":0,"266":0,"267":0,"268":0,"269":0,"270":0,"271":0,"272":1,"273":0,"274":0,"275":1,"276":0,"277":1,"278":0,"279":0,"280":1,"281":0,"282":0,"283":0,"284":1,"285":0,"286":1,"287":0,"288":0,"289":0,"290":0,"291":0,"292":0,"293":0,"294":0,"295":1,"296":0,"297":0,"298":0,"299":1,"300":0,"301":0,"302":0,"303":1,"304":1,"305":1,"306":1,"307":1,"308":1,"309":0,"310":0,"311":0,"312":0,"313":0,"314":0,"315":0,"316":0,"317":0,"318":0,"319":1,"320":0,"321":0,"322":0,"323":0,"324":0,"325":0,"326":0,"327":0,"328":0,"329":0,"330":1,"331":0,"332":0,"333":0,"334":0,"335":0,"336":0,"337":0,"338":0,"339":0,"340":0,"341":1,"342":0,"343":0,"344":0,"345":0,"346":0,"347":0,"348":0,"349":0,"350":0,"351":0,"352":1,"353":1,"354":1,"355":1,"356":1,"357":1,"358":1,"359":1,"360":1,"361":1,"362":1,"363":1,"364":1,"365":1,"366":0,"367":0,"368":0,"369":0,"370":0,"371":0,"372":0,"373":0,"374":0,"375":0,"376":0,"377":0,"378":0,"379":0,"380":0,"381":0,"382":0,"383":0,"384":0,"385":0,"386":0,"387":0,"388":0,"389":0,"390":0,"391":0,"392":0,"393":0,"394":0,"395":0,"396":0,"397":0,"398":0,"399":0,"400":0,"401":0,"402":0,"403":0,"404":0,"405":0,"406":0,"407":0,"408":0,"409":0,"410":0,"411":0,"412":0,"413":0,"414":0,"415":0,"416":0,"417":1,"418":0,"419":0,"420":0,"421":0,"422":0,"423":0,"424":0,"425":0,"426":0,"427":0,"428":0,"429":0,"430":0,"431":0,"432":0,"433":0,"434":0,"435":0,"436":0,"437":0,"438":0,"439":0,"440":1,"441":0,"442":0,"443":0,"444":1,"445":0,"446":0,"447":0,"448":0,"449":1,"450":0,"451":0,"452":0,"453":0,"454":0,"455":0,"456":0,"457":0,"458":1,"459":0,"460":1,"461":0,"462":0,"463":1,"464":1,"465":0,"466":0,"467":0,"468":1,"469":1,"470":0,"471":0,"472":0,"473":0,"474":0,"475":0,"476":0,"477":0,"478":0,"479":0,"480":0,"481":0,"482":0,"483":0,"484":0,"485":0,"486":0,"487":0,"488":0,"489":0,"490":0,"491":1,"492":0,"493":0,"494":0,"495":1,"496":0,"497":0,"498":0,"499":1,"500":0,"501":0,"502":0,"503":1,"504":0,"505":0,"506":0,"507":0,"508":1,"509":0,"510":0,"511":0,"512":0,"513":1,"514":0,"515":0,"516":0,"517":0,"518":1,"519":0,"520":0,"521":0,"522":0,"523":0,"524":1,"525":0,"526":0,"527":0,"528":0,"529":0,"530":1,"531":0,"532":1,"533":1,"534":0,"535":0,"536":0,"537":0,"538":1,"539":0,"540":0,"541":0,"542":0,"543":0,"544":0,"545":0,"546":0,"547":0,"548":0,"549":1,"550":1,"551":0,"552":1,"553":0,"554":1},"b":{"1":[0,0],"2":[0,0],"3":[0,0],"4":[0,0],"5":[0,0],"6":[0,0],"7":[0,0,0],"8":[0,0],"9":[0,0],"10":[0,0],"11":[0,0],"12":[0,0],"13":[0,0],"14":[0,0],"15":[0,0],"16":[0,0],"17":[0,0],"18":[0,0],"19":[0,0],"20":[0,0],"21":[0,0,0],"22":[0,0],"23":[0,0],"24":[0,0],"25":[0,0],"26":[0,0],"27":[0,0],"28":[0,0],"29":[0,0],"30":[0,0],"31":[0,0],"32":[0,0],"33":[0,0],"34":[0,0],"35":[0,0],"36":[0,0],"37":[0,0,0],"38":[0,0],"39":[0,0],"40":[0,0],"41":[0,0],"42":[0,0],"43":[0,0],"44":[0,0],"45":[0,0,0,0],"46":[0,0],"47":[0,0],"48":[0,0],"49":[0,0],"50":[0,0],"51":[0,0],"52":[0,0],"53":[0,0],"54":[0,0,0],"55":[0,0,0],"56":[0,0],"57":[0,0],"58":[0,0],"59":[0,0],"60":[0,0],"61":[0,0],"62":[0,0],"63":[0,0],"64":[0,0],"65":[0,0],"66":[0,0],"67":[0,0],"68":[0,0],"69":[0,0],"70":[0,0],"71":[0,0],"72":[0,0],"73":[0,0],"74":[0,0],"75":[0,0],"76":[0,0],"77":[0,0],"78":[0,0],"79":[0,0],"80":[1,1],"81":[0,0],"82":[0,0],"83":[0,0],"84":[0,0,0],"85":[0,0],"86":[0,0],"87":[0,0],"88":[0,0],"89":[0,0],"90":[0,0],"91":[0,0],"92":[0,0],"93":[0,0],"94":[0,0],"95":[0,0],"96":[0,0],"97":[0,0],"98":[0,0],"99":[0,0],"100":[0,0],"101":[0,0],"102":[0,0],"103":[0,0],"104":[0,0,0,0,0,0,0,0],"105":[0,0],"106":[0,0],"107":[0,0],"108":[0,0],"109":[0,0],"110":[0,0],"111":[0,0],"112":[0,0],"113":[0,0],"114":[0,0],"115":[0,0],"116":[0,0],"117":[0,0],"118":[0,0],"119":[0,0]},"f":{"1":0,"2":1,"3":0,"4":0,"5":0,"6":0,"7":0,"8":0,"9":0,"10":0,"11":0,"12":0,"13":0,"14":0,"15":0,"16":0,"17":0,"18":0,"19":0,"20":0,"21":0,"22":0,"23":0,"24":0,"25":0,"26":0,"27":0,"28":0,"29":0,"30":0,"31":0,"32":0,"33":0,"34":0,"35":0,"36":0,"37":0,"38":0,"39":0,"40":0,"41":0,"42":0,"43":0,"44":0,"45":0,"46":0,"47":0,"48":0,"49":0,"50":1,"51":0,"52":0,"53":0,"54":0,"55":0,"56":0,"57":0,"58":0,"59":0,"60":0,"61":0,"62":0,"63":0,"64":0,"65":0,"66":0,"67":0,"68":0,"69":0,"70":0,"71":0,"72":0,"73":0,"74":0,"75":0,"76":0,"77":0,"78":0},"fnMap":{"1":{"name":"noop","line":203,"loc":{"start":{"line":203,"column":0},"end":{"line":203,"column":16}}},"2":{"name":"(anonymous_2)","line":212,"loc":{"start":{"line":212,"column":9},"end":{"line":212,"column":20}}},"3":{"name":"IncomingMessage","line":221,"loc":{"start":{"line":221,"column":0},"end":{"line":221,"column":33}}},"4":{"name":"_onHeaders","line":250,"loc":{"start":{"line":250,"column":39},"end":{"line":250,"column":68}}},"5":{"name":"(anonymous_5)","line":267,"loc":{"start":{"line":267,"column":28},"end":{"line":267,"column":46}}},"6":{"name":"_onEnd","line":272,"loc":{"start":{"line":272,"column":35},"end":{"line":272,"column":53}}},"7":{"name":"_checkSpecialHeader","line":278,"loc":{"start":{"line":278,"column":48},"end":{"line":278,"column":89}}},"8":{"name":"_validateHeaders","line":287,"loc":{"start":{"line":287,"column":45},"end":{"line":287,"column":80}}},"9":{"name":"OutgoingMessage","line":321,"loc":{"start":{"line":321,"column":0},"end":{"line":321,"column":27}}},"10":{"name":"_write","line":334,"loc":{"start":{"line":334,"column":35},"end":{"line":334,"column":78}}},"11":{"name":"_finish","line":342,"loc":{"start":{"line":342,"column":36},"end":{"line":342,"column":55}}},"12":{"name":"setHeader","line":358,"loc":{"start":{"line":358,"column":38},"end":{"line":358,"column":70}}},"13":{"name":"removeHeader","line":370,"loc":{"start":{"line":370,"column":41},"end":{"line":370,"column":69}}},"14":{"name":"getHeader","line":378,"loc":{"start":{"line":378,"column":38},"end":{"line":378,"column":63}}},"15":{"name":"addTrailers","line":382,"loc":{"start":{"line":382,"column":40},"end":{"line":382,"column":71}}},"16":{"name":"forwardEvent","line":401,"loc":{"start":{"line":401,"column":0},"end":{"line":401,"column":45}}},"17":{"name":"forward","line":402,"loc":{"start":{"line":402,"column":2},"end":{"line":402,"column":21}}},"18":{"name":"Server","line":431,"loc":{"start":{"line":431,"column":0},"end":{"line":431,"column":25}}},"19":{"name":"(anonymous_19)","line":451,"loc":{"start":{"line":451,"column":40},"end":{"line":451,"column":57}}},"20":{"name":"_start","line":485,"loc":{"start":{"line":485,"column":26},"end":{"line":485,"column":50}}},"21":{"name":"_onStream","line":496,"loc":{"start":{"line":496,"column":24},"end":{"line":496,"column":51}}},"22":{"name":"_fallback","line":514,"loc":{"start":{"line":514,"column":29},"end":{"line":514,"column":56}}},"23":{"name":"listen","line":532,"loc":{"start":{"line":532,"column":26},"end":{"line":532,"column":58}}},"24":{"name":"close","line":540,"loc":{"start":{"line":540,"column":25},"end":{"line":540,"column":50}}},"25":{"name":"setTimeout","line":545,"loc":{"start":{"line":545,"column":30},"end":{"line":545,"column":69}}},"26":{"name":"getTimeout","line":552,"loc":{"start":{"line":552,"column":7},"end":{"line":552,"column":29}}},"27":{"name":"setTimeout","line":559,"loc":{"start":{"line":559,"column":7},"end":{"line":559,"column":36}}},"28":{"name":"on","line":570,"loc":{"start":{"line":570,"column":22},"end":{"line":570,"column":51}}},"29":{"name":"addContext","line":579,"loc":{"start":{"line":579,"column":30},"end":{"line":579,"column":73}}},"30":{"name":"address","line":585,"loc":{"start":{"line":585,"column":27},"end":{"line":585,"column":46}}},"31":{"name":"createServerRaw","line":589,"loc":{"start":{"line":589,"column":0},"end":{"line":589,"column":51}}},"32":{"name":"createServerTLS","line":609,"loc":{"start":{"line":609,"column":0},"end":{"line":609,"column":51}}},"33":{"name":"notImplemented","line":640,"loc":{"start":{"line":640,"column":0},"end":{"line":640,"column":26}}},"34":{"name":"IncomingRequest","line":650,"loc":{"start":{"line":650,"column":0},"end":{"line":650,"column":33}}},"35":{"name":"_onHeaders","line":659,"loc":{"start":{"line":659,"column":39},"end":{"line":659,"column":68}}},"36":{"name":"OutgoingResponse","line":694,"loc":{"start":{"line":694,"column":0},"end":{"line":694,"column":34}}},"37":{"name":"writeHead","line":707,"loc":{"start":{"line":707,"column":39},"end":{"line":707,"column":93}}},"38":{"name":"_implicitHeaders","line":735,"loc":{"start":{"line":735,"column":46},"end":{"line":735,"column":74}}},"39":{"name":"(anonymous_39)","line":741,"loc":{"start":{"line":741,"column":45},"end":{"line":741,"column":56}}},"40":{"name":"write","line":745,"loc":{"start":{"line":745,"column":35},"end":{"line":745,"column":52}}},"41":{"name":"end","line":750,"loc":{"start":{"line":750,"column":33},"end":{"line":750,"column":48}}},"42":{"name":"_onRequestHeaders","line":756,"loc":{"start":{"line":756,"column":47},"end":{"line":756,"column":83}}},"43":{"name":"push","line":760,"loc":{"start":{"line":760,"column":34},"end":{"line":760,"column":57}}},"44":{"name":"altsvc","line":785,"loc":{"start":{"line":785,"column":36},"end":{"line":785,"column":92}}},"45":{"name":"on","line":794,"loc":{"start":{"line":794,"column":32},"end":{"line":794,"column":61}}},"46":{"name":"requestRaw","line":811,"loc":{"start":{"line":811,"column":0},"end":{"line":811,"column":39}}},"47":{"name":"requestTLS","line":827,"loc":{"start":{"line":827,"column":0},"end":{"line":827,"column":39}}},"48":{"name":"getRaw","line":843,"loc":{"start":{"line":843,"column":0},"end":{"line":843,"column":35}}},"49":{"name":"getTLS","line":859,"loc":{"start":{"line":859,"column":0},"end":{"line":859,"column":35}}},"50":{"name":"Agent","line":878,"loc":{"start":{"line":878,"column":0},"end":{"line":878,"column":24}}},"51":{"name":"request","line":901,"loc":{"start":{"line":901,"column":26},"end":{"line":901,"column":62}}},"52":{"name":"(anonymous_52)","line":947,"loc":{"start":{"line":947,"column":32},"end":{"line":947,"column":49}}},"53":{"name":"(anonymous_53)","line":952,"loc":{"start":{"line":952,"column":25},"end":{"line":952,"column":40}}},"54":{"name":"(anonymous_54)","line":977,"loc":{"start":{"line":977,"column":29},"end":{"line":977,"column":46}}},"55":{"name":"(anonymous_55)","line":983,"loc":{"start":{"line":983,"column":30},"end":{"line":983,"column":47}}},"56":{"name":"negotiated","line":992,"loc":{"start":{"line":992,"column":4},"end":{"line":992,"column":26}}},"57":{"name":"(anonymous_57)","line":1021,"loc":{"start":{"line":1021,"column":19},"end":{"line":1021,"column":38}}},"58":{"name":"get","line":1034,"loc":{"start":{"line":1034,"column":22},"end":{"line":1034,"column":54}}},"59":{"name":"(anonymous_59)","line":1040,"loc":{"start":{"line":1040,"column":26},"end":{"line":1040,"column":42}}},"60":{"name":"unbundleSocket","line":1049,"loc":{"start":{"line":1049,"column":0},"end":{"line":1049,"column":32}}},"61":{"name":"hasAgentOptions","line":1060,"loc":{"start":{"line":1060,"column":0},"end":{"line":1060,"column":34}}},"62":{"name":"getMaxSockets","line":1072,"loc":{"start":{"line":1072,"column":7},"end":{"line":1072,"column":32}}},"63":{"name":"setMaxSockets","line":1075,"loc":{"start":{"line":1075,"column":7},"end":{"line":1075,"column":37}}},"64":{"name":"OutgoingRequest","line":1085,"loc":{"start":{"line":1085,"column":0},"end":{"line":1085,"column":27}}},"65":{"name":"_start","line":1094,"loc":{"start":{"line":1094,"column":35},"end":{"line":1094,"column":68}}},"66":{"name":"_fallback","line":1129,"loc":{"start":{"line":1129,"column":38},"end":{"line":1129,"column":66}}},"67":{"name":"setPriority","line":1135,"loc":{"start":{"line":1135,"column":40},"end":{"line":1135,"column":71}}},"68":{"name":"on","line":1145,"loc":{"start":{"line":1145,"column":31},"end":{"line":1145,"column":60}}},"69":{"name":"setNoDelay","line":1154,"loc":{"start":{"line":1154,"column":39},"end":{"line":1154,"column":68}}},"70":{"name":"setSocketKeepAlive","line":1162,"loc":{"start":{"line":1162,"column":47},"end":{"line":1162,"column":97}}},"71":{"name":"setTimeout","line":1170,"loc":{"start":{"line":1170,"column":39},"end":{"line":1170,"column":78}}},"72":{"name":"abort","line":1179,"loc":{"start":{"line":1179,"column":34},"end":{"line":1179,"column":51}}},"73":{"name":"_onPromise","line":1190,"loc":{"start":{"line":1190,"column":39},"end":{"line":1190,"column":76}}},"74":{"name":"IncomingResponse","line":1205,"loc":{"start":{"line":1205,"column":0},"end":{"line":1205,"column":34}}},"75":{"name":"_onHeaders","line":1214,"loc":{"start":{"line":1214,"column":40},"end":{"line":1214,"column":69}}},"76":{"name":"IncomingPromise","line":1235,"loc":{"start":{"line":1235,"column":0},"end":{"line":1235,"column":57}}},"77":{"name":"cancel","line":1254,"loc":{"start":{"line":1254,"column":35},"end":{"line":1254,"column":53}}},"78":{"name":"setPriority","line":1258,"loc":{"start":{"line":1258,"column":40},"end":{"line":1258,"column":71}}}},"statementMap":{"1":{"start":{"line":129,"column":0},"end":{"line":129,"column":25}},"2":{"start":{"line":130,"column":0},"end":{"line":130,"column":25}},"3":{"start":{"line":131,"column":0},"end":{"line":131,"column":27}},"4":{"start":{"line":132,"column":0},"end":{"line":132,"column":50}},"5":{"start":{"line":133,"column":0},"end":{"line":133,"column":48}},"6":{"start":{"line":134,"column":0},"end":{"line":134,"column":42}},"7":{"start":{"line":135,"column":0},"end":{"line":135,"column":42}},"8":{"start":{"line":136,"column":0},"end":{"line":136,"column":37}},"9":{"start":{"line":137,"column":0},"end":{"line":137,"column":33}},"10":{"start":{"line":138,"column":0},"end":{"line":138,"column":27}},"11":{"start":{"line":139,"column":0},"end":{"line":139,"column":29}},"12":{"start":{"line":141,"column":0},"end":{"line":141,"column":41}},"13":{"start":{"line":142,"column":0},"end":{"line":142,"column":42}},"14":{"start":{"line":143,"column":0},"end":{"line":143,"column":42}},"15":{"start":{"line":144,"column":0},"end":{"line":144,"column":28}},"16":{"start":{"line":146,"column":0},"end":{"line":153,"column":2}},"17":{"start":{"line":156,"column":0},"end":{"line":156,"column":68}},"18":{"start":{"line":160,"column":0},"end":{"line":197,"column":12}},"19":{"start":{"line":203,"column":0},"end":{"line":203,"column":18}},"20":{"start":{"line":204,"column":0},"end":{"line":213,"column":2}},"21":{"start":{"line":212,"column":22},"end":{"line":212,"column":34}},"22":{"start":{"line":216,"column":0},"end":{"line":216,"column":43}},"23":{"start":{"line":221,"column":0},"end":{"line":243,"column":1}},"24":{"start":{"line":223,"column":2},"end":{"line":223,"column":25}},"25":{"start":{"line":224,"column":2},"end":{"line":224,"column":20}},"26":{"start":{"line":225,"column":2},"end":{"line":225,"column":37}},"27":{"start":{"line":227,"column":2},"end":{"line":227,"column":55}},"28":{"start":{"line":231,"column":2},"end":{"line":231,"column":27}},"29":{"start":{"line":232,"column":2},"end":{"line":232,"column":28}},"30":{"start":{"line":233,"column":2},"end":{"line":233,"column":28}},"31":{"start":{"line":236,"column":2},"end":{"line":236,"column":20}},"32":{"start":{"line":237,"column":2},"end":{"line":237,"column":28}},"33":{"start":{"line":238,"column":2},"end":{"line":238,"column":36}},"34":{"start":{"line":241,"column":2},"end":{"line":241,"column":53}},"35":{"start":{"line":242,"column":2},"end":{"line":242,"column":45}},"36":{"start":{"line":244,"column":0},"end":{"line":244,"column":110}},"37":{"start":{"line":250,"column":0},"end":{"line":270,"column":2}},"38":{"start":{"line":252,"column":2},"end":{"line":252,"column":33}},"39":{"start":{"line":255,"column":2},"end":{"line":263,"column":3}},"40":{"start":{"line":256,"column":4},"end":{"line":262,"column":5}},"41":{"start":{"line":257,"column":6},"end":{"line":261,"column":7}},"42":{"start":{"line":258,"column":8},"end":{"line":258,"column":45}},"43":{"start":{"line":260,"column":8},"end":{"line":260,"column":43}},"44":{"start":{"line":266,"column":2},"end":{"line":266,"column":18}},"45":{"start":{"line":267,"column":2},"end":{"line":269,"column":5}},"46":{"start":{"line":268,"column":4},"end":{"line":268,"column":36}},"47":{"start":{"line":272,"column":0},"end":{"line":274,"column":2}},"48":{"start":{"line":273,"column":2},"end":{"line":273,"column":40}},"49":{"start":{"line":276,"column":0},"end":{"line":276,"column":44}},"50":{"start":{"line":278,"column":0},"end":{"line":285,"column":2}},"51":{"start":{"line":279,"column":2},"end":{"line":282,"column":3}},"52":{"start":{"line":280,"column":4},"end":{"line":280,"column":91}},"53":{"start":{"line":281,"column":4},"end":{"line":281,"column":40}},"54":{"start":{"line":284,"column":2},"end":{"line":284,"column":15}},"55":{"start":{"line":287,"column":0},"end":{"line":316,"column":2}},"56":{"start":{"line":293,"column":2},"end":{"line":300,"column":3}},"57":{"start":{"line":294,"column":4},"end":{"line":294,"column":35}},"58":{"start":{"line":295,"column":4},"end":{"line":299,"column":5}},"59":{"start":{"line":296,"column":6},"end":{"line":296,"column":84}},"60":{"start":{"line":297,"column":6},"end":{"line":297,"column":42}},"61":{"start":{"line":298,"column":6},"end":{"line":298,"column":13}},"62":{"start":{"line":302,"column":2},"end":{"line":315,"column":3}},"63":{"start":{"line":304,"column":4},"end":{"line":307,"column":5}},"64":{"start":{"line":305,"column":6},"end":{"line":305,"column":42}},"65":{"start":{"line":306,"column":6},"end":{"line":306,"column":13}},"66":{"start":{"line":311,"column":4},"end":{"line":314,"column":5}},"67":{"start":{"line":312,"column":6},"end":{"line":312,"column":42}},"68":{"start":{"line":313,"column":6},"end":{"line":313,"column":13}},"69":{"start":{"line":321,"column":0},"end":{"line":331,"column":1}},"70":{"start":{"line":323,"column":2},"end":{"line":323,"column":22}},"71":{"start":{"line":325,"column":2},"end":{"line":325,"column":21}},"72":{"start":{"line":326,"column":2},"end":{"line":326,"column":29}},"73":{"start":{"line":327,"column":2},"end":{"line":327,"column":27}},"74":{"start":{"line":328,"column":2},"end":{"line":328,"column":24}},"75":{"start":{"line":330,"column":2},"end":{"line":330,"column":34}},"76":{"start":{"line":332,"column":0},"end":{"line":332,"column":107}},"77":{"start":{"line":334,"column":0},"end":{"line":340,"column":2}},"78":{"start":{"line":335,"column":2},"end":{"line":339,"column":3}},"79":{"start":{"line":336,"column":4},"end":{"line":336,"column":49}},"80":{"start":{"line":338,"column":4},"end":{"line":338,"column":75}},"81":{"start":{"line":342,"column":0},"end":{"line":356,"column":2}},"82":{"start":{"line":343,"column":2},"end":{"line":355,"column":3}},"83":{"start":{"line":344,"column":4},"end":{"line":350,"column":5}},"84":{"start":{"line":345,"column":6},"end":{"line":349,"column":7}},"85":{"start":{"line":346,"column":8},"end":{"line":346,"column":49}},"86":{"start":{"line":348,"column":8},"end":{"line":348,"column":44}},"87":{"start":{"line":351,"column":4},"end":{"line":351,"column":25}},"88":{"start":{"line":352,"column":4},"end":{"line":352,"column":22}},"89":{"start":{"line":354,"column":4},"end":{"line":354,"column":49}},"90":{"start":{"line":358,"column":0},"end":{"line":368,"column":2}},"91":{"start":{"line":359,"column":2},"end":{"line":367,"column":3}},"92":{"start":{"line":360,"column":4},"end":{"line":360,"column":84}},"93":{"start":{"line":362,"column":4},"end":{"line":362,"column":30}},"94":{"start":{"line":363,"column":4},"end":{"line":365,"column":5}},"95":{"start":{"line":364,"column":6},"end":{"line":364,"column":84}},"96":{"start":{"line":366,"column":4},"end":{"line":366,"column":32}},"97":{"start":{"line":370,"column":0},"end":{"line":376,"column":2}},"98":{"start":{"line":371,"column":2},"end":{"line":375,"column":3}},"99":{"start":{"line":372,"column":4},"end":{"line":372,"column":87}},"100":{"start":{"line":374,"column":4},"end":{"line":374,"column":45}},"101":{"start":{"line":378,"column":0},"end":{"line":380,"column":2}},"102":{"start":{"line":379,"column":2},"end":{"line":379,"column":43}},"103":{"start":{"line":382,"column":0},"end":{"line":384,"column":2}},"104":{"start":{"line":383,"column":2},"end":{"line":383,"column":28}},"105":{"start":{"line":386,"column":0},"end":{"line":386,"column":44}},"106":{"start":{"line":388,"column":0},"end":{"line":388,"column":94}},"107":{"start":{"line":393,"column":0},"end":{"line":393,"column":24}},"108":{"start":{"line":394,"column":0},"end":{"line":394,"column":42}},"109":{"start":{"line":395,"column":0},"end":{"line":395,"column":44}},"110":{"start":{"line":396,"column":0},"end":{"line":396,"column":42}},"111":{"start":{"line":401,"column":0},"end":{"line":426,"column":1}},"112":{"start":{"line":402,"column":2},"end":{"line":419,"column":3}},"113":{"start":{"line":403,"column":4},"end":{"line":403,"column":44}},"114":{"start":{"line":405,"column":4},"end":{"line":405,"column":29}},"115":{"start":{"line":408,"column":4},"end":{"line":414,"column":5}},"116":{"start":{"line":409,"column":6},"end":{"line":409,"column":25}},"117":{"start":{"line":410,"column":6},"end":{"line":410,"column":39}},"118":{"start":{"line":412,"column":6},"end":{"line":412,"column":38}},"119":{"start":{"line":413,"column":6},"end":{"line":413,"column":13}},"120":{"start":{"line":416,"column":4},"end":{"line":418,"column":5}},"121":{"start":{"line":417,"column":6},"end":{"line":417,"column":44}},"122":{"start":{"line":421,"column":2},"end":{"line":421,"column":28}},"123":{"start":{"line":425,"column":2},"end":{"line":425,"column":17}},"124":{"start":{"line":431,"column":0},"end":{"line":481,"column":1}},"125":{"start":{"line":432,"column":2},"end":{"line":432,"column":38}},"126":{"start":{"line":434,"column":2},"end":{"line":434,"column":74}},"127":{"start":{"line":435,"column":2},"end":{"line":435,"column":36}},"128":{"start":{"line":437,"column":2},"end":{"line":437,"column":37}},"129":{"start":{"line":438,"column":2},"end":{"line":438,"column":43}},"130":{"start":{"line":441,"column":2},"end":{"line":478,"column":3}},"131":{"start":{"line":442,"column":4},"end":{"line":442,"column":54}},"132":{"start":{"line":443,"column":4},"end":{"line":443,"column":23}},"133":{"start":{"line":444,"column":4},"end":{"line":444,"column":47}},"134":{"start":{"line":445,"column":4},"end":{"line":445,"column":46}},"135":{"start":{"line":446,"column":4},"end":{"line":446,"column":54}},"136":{"start":{"line":447,"column":4},"end":{"line":447,"column":67}},"137":{"start":{"line":448,"column":4},"end":{"line":448,"column":47}},"138":{"start":{"line":449,"column":4},"end":{"line":449,"column":79}},"139":{"start":{"line":450,"column":4},"end":{"line":450,"column":56}},"140":{"start":{"line":451,"column":4},"end":{"line":460,"column":7}},"141":{"start":{"line":452,"column":6},"end":{"line":452,"column":73}},"142":{"start":{"line":455,"column":6},"end":{"line":459,"column":7}},"143":{"start":{"line":456,"column":8},"end":{"line":456,"column":22}},"144":{"start":{"line":458,"column":8},"end":{"line":458,"column":25}},"145":{"start":{"line":461,"column":4},"end":{"line":461,"column":64}},"146":{"start":{"line":463,"column":4},"end":{"line":463,"column":46}},"147":{"start":{"line":464,"column":4},"end":{"line":464,"column":50}},"148":{"start":{"line":468,"column":7},"end":{"line":478,"column":3}},"149":{"start":{"line":469,"column":4},"end":{"line":469,"column":60}},"150":{"start":{"line":470,"column":4},"end":{"line":470,"column":25}},"151":{"start":{"line":471,"column":4},"end":{"line":471,"column":43}},"152":{"start":{"line":476,"column":4},"end":{"line":476,"column":81}},"153":{"start":{"line":477,"column":4},"end":{"line":477,"column":95}},"154":{"start":{"line":480,"column":2},"end":{"line":480,"column":58}},"155":{"start":{"line":482,"column":0},"end":{"line":482,"column":93}},"156":{"start":{"line":485,"column":0},"end":{"line":512,"column":2}},"157":{"start":{"line":486,"column":2},"end":{"line":486,"column":67}},"158":{"start":{"line":488,"column":2},"end":{"line":491,"column":54}},"159":{"start":{"line":493,"column":2},"end":{"line":493,"column":39}},"160":{"start":{"line":495,"column":2},"end":{"line":495,"column":18}},"161":{"start":{"line":496,"column":2},"end":{"line":506,"column":5}},"162":{"start":{"line":497,"column":4},"end":{"line":497,"column":48}},"163":{"start":{"line":498,"column":4},"end":{"line":498,"column":46}},"164":{"start":{"line":501,"column":4},"end":{"line":501,"column":49}},"165":{"start":{"line":502,"column":4},"end":{"line":502,"column":43}},"166":{"start":{"line":503,"column":4},"end":{"line":503,"column":67}},"167":{"start":{"line":505,"column":4},"end":{"line":505,"column":78}},"168":{"start":{"line":508,"column":2},"end":{"line":508,"column":60}},"169":{"start":{"line":509,"column":2},"end":{"line":509,"column":58}},"170":{"start":{"line":511,"column":2},"end":{"line":511,"column":44}},"171":{"start":{"line":514,"column":0},"end":{"line":527,"column":2}},"172":{"start":{"line":515,"column":2},"end":{"line":515,"column":69}},"173":{"start":{"line":517,"column":2},"end":{"line":520,"column":52}},"174":{"start":{"line":522,"column":2},"end":{"line":524,"column":3}},"175":{"start":{"line":523,"column":4},"end":{"line":523,"column":64}
[...]
.emit('error', 'PROTOCOL_ERROR');","    }","    this._processedHeaders = true;","    this._onHeaders(frame);","  } else if (frame.type === 'PUSH_PROMISE') {","    this._onPromise(frame);","  } else if (frame.type === 'PRIORITY') {","    this._onPriority(frame);","  } else if (frame.type === 'ALTSVC') {","    // TODO","  } else if (frame.type === 'BLOCKED') {","    // TODO","  }","","  // * If it's an invalid stream level frame, emit error","  else if ((frame.type !== 'DATA') &&","           (frame.type !== 'WINDOW_UPDATE') &&","           (frame.type !== 'RST_STREAM')) {","    this._log.error({ frame: frame }, 'Invalid stream level frame');","    this.emit('error', 'PROTOCOL_ERROR');","  }","","  return moreNeeded;","};","","// The `_receive` method (= `upstream._receive`) gets called when there's an incoming frame.","Stream.prototype._receive = function _receive(frame, ready) {","  // * If it's a DATA frame, then push the payload into the output buffer on the other side.","  //   Call ready when the other side is ready to receive more.","  if (!this._ended && (frame.type === 'DATA')) {","    var moreNeeded = this.push(frame.data);","    if (!moreNeeded) {","      this._receiveMore = ready;","    }","  }","","  // * Any frame may signal the end of the stream with the END_STREAM flag","  if (!this._ended && (frame.flags.END_STREAM || (frame.type === 'RST_STREAM'))) {","    this.push(null);","    this._ended = true;","  }","","  // * Postpone calling `ready` if `push()` returned a falsy value","  if (this._receiveMore !== ready) {","    ready();","  }","};","","// The `_read` method is called when the user side is ready to receive more data. If there's a","// pending write on the upstream, then call its pending ready callback to receive more frames.","Stream.prototype._read = function _read() {","  if (this._receiveMore) {","    var receiveMore = this._receiveMore;","    delete this._receiveMore;","    receiveMore();","  }","};","","// The `write` method gets called when there's a write request from the user.","Stream.prototype._write = function _write(buffer, encoding, ready) {","  // * Chunking is done by the upstream Flow.","  var moreNeeded = this._pushUpstream({","    type: 'DATA',","    flags: {},","    stream: this.id,","    data: buffer","  });","","  // * Call ready when upstream is ready to receive more frames.","  if (moreNeeded) {","    ready();","  } else {","    this._sendMore = ready;","  }","};","","// The `_send` (= `upstream._send`) method is called when upstream is ready to receive more frames.","// If there's a pending write on the user side, then call its pending ready callback to receive more","// writes.","Stream.prototype._send = function _send() {","  if (this._sendMore) {","    var sendMore = this._sendMore;","    delete this._sendMore;","    sendMore();","  }","};","","// When the stream is finishing (the user calls `end()` on it), then we have to set the `END_STREAM`","// flag on the last frame. If there's no frame in the queue, or if it doesn't support this flag,","// then we create a 0 length DATA frame. We could do this all the time, but putting the flag on an","// existing frame is a nice optimization.","var emptyBuffer = new Buffer(0);","Stream.prototype._finishing = function _finishing() {","  var endFrame = {","    type: 'DATA',","    flags: { END_STREAM: true },","    stream: this.id,","    data: emptyBuffer","  };","  var lastFrame = this.upstream.getLastQueuedFrame();","  if (lastFrame && ((lastFrame.type === 'DATA') || (lastFrame.type === 'HEADERS'))) {","    this._log.debug({ frame: lastFrame }, 'Marking last frame with END_STREAM flag.');","    lastFrame.flags.END_STREAM = true;","    this._transition(true, endFrame);","  } else {","    this._pushUpstream(endFrame);","  }","};","","// [Stream States](https://tools.ietf.org/html/rfc7540#section-5.1)","// ----------------","//","//                           +--------+","//                     PP    |        |    PP","//                  ,--------|  idle  |--------.","//                 /         |        |         \\","//                v          +--------+          v","//         +----------+          |           +----------+","//         |          |          | H         |          |","//     ,---| reserved |          |           | reserved |---.","//     |   | (local)  |          v           | (remote) |   |","//     |   +----------+      +--------+      +----------+   |","//     |      |          ES  |        |  ES          |      |","//     |      | H    ,-------|  open  |-------.      | H    |","//     |      |     /        |        |        \\     |      |","//     |      v    v         +--------+         v    v      |","//     |   +----------+          |           +----------+   |","//     |   |   half   |          |           |   half   |   |","//     |   |  closed  |          | R         |  closed  |   |","//     |   | (remote) |          |           | (local)  |   |","//     |   +----------+          |           +----------+   |","//     |        |                v                 |        |","//     |        |  ES / R    +--------+  ES / R    |        |","//     |        `----------->|        |<-----------'        |","//     |  R                  | closed |                  R  |","//     `-------------------->|        |<--------------------'","//                           +--------+","","// Streams begin in the IDLE state and transitions happen when there's an incoming or outgoing frame","Stream.prototype._initializeState = function _initializeState() {","  this.state = 'IDLE';","  this._initiated = undefined;","  this._closedByUs = undefined;","  this._closedWithRst = undefined;","  this._processedHeaders = false;","};","","// Only `_setState` should change `this.state` directly. It also logs the state change and notifies","// interested parties using the 'state' event.","Stream.prototype._setState = function transition(state) {","  assert(this.state !== state);","  this._log.debug({ from: this.state, to: state }, 'State transition');","  this.state = state;","  this.emit('state', state);","};","","// A state is 'active' if the stream in that state counts towards the concurrency limit. Streams","// that are in the \"open\" state, or either of the \"half closed\" states count toward this limit.","function activeState(state) {","  return ((state === 'HALF_CLOSED_LOCAL') || (state === 'HALF_CLOSED_REMOTE') || (state === 'OPEN'));","}","","// `_transition` is called every time there's an incoming or outgoing frame. It manages state","// transitions, and detects stream errors. A stream error is always caused by a frame that is not","// allowed in the current state.","Stream.prototype._transition = function transition(sending, frame) {","  var receiving = !sending;","  var connectionError;","  var streamError;","","  var DATA = false, HEADERS = false, PRIORITY = false, ALTSVC = false, BLOCKED = false;","  var RST_STREAM = false, PUSH_PROMISE = false, WINDOW_UPDATE = false;","  switch(frame.type) {","    case 'DATA'         : DATA          = true; break;","    case 'HEADERS'      : HEADERS       = true; break;","    case 'PRIORITY'     : PRIORITY      = true; break;","    case 'RST_STREAM'   : RST_STREAM    = true; break;","    case 'PUSH_PROMISE' : PUSH_PROMISE  = true; break;","    case 'WINDOW_UPDATE': WINDOW_UPDATE = true; break;","    case 'ALTSVC'       : ALTSVC        = true; break;","    case 'BLOCKED'      : BLOCKED       = true; break;","  }","","  var previousState = this.state;","","  switch (this.state) {","    // All streams start in the **idle** state. In this state, no frames have been exchanged.","    //","    // * Sending or receiving a HEADERS frame causes the stream to become \"open\".","    //","    // When the HEADERS frame contains the END_STREAM flags, then two state transitions happen.","    case 'IDLE':","      if (HEADERS) {","        this._setState('OPEN');","        if (frame.flags.END_STREAM) {","          this._setState(sending ? 'HALF_CLOSED_LOCAL' : 'HALF_CLOSED_REMOTE');","        }","        this._initiated = sending;","      } else if (sending && RST_STREAM) {","        this._setState('CLOSED');","      } else if (PRIORITY) {","        /* No state change */","      } else {","        connectionError = 'PROTOCOL_ERROR';","      }","      break;","","    // A stream in the **reserved (local)** state is one that has been promised by sending a","    // PUSH_PROMISE frame.","    //","    // * The endpoint can send a HEADERS frame. This causes the stream to open in a \"half closed","    //   (remote)\" state.","    // * Either endpoint can send a RST_STREAM frame to cause the stream to become \"closed\". This","    //   releases the stream reservation.","    // * An endpoint may receive PRIORITY frame in this state.","    // * An endpoint MUST NOT send any other type of frame in this state.","    case 'RESERVED_LOCAL':","      if (sending && HEADERS) {","        this._setState('HALF_CLOSED_REMOTE');","      } else if (RST_STREAM) {","        this._setState('CLOSED');","      } else if (PRIORITY) {","        /* No state change */","      } else {","        connectionError = 'PROTOCOL_ERROR';","      }","      break;","","    // A stream in the **reserved (remote)** state has been reserved by a remote peer.","    //","    // * Either endpoint can send a RST_STREAM frame to cause the stream to become \"closed\". This","    //   releases the stream reservation.","    // * Receiving a HEADERS frame causes the stream to transition to \"half closed (local)\".","    // * An endpoint MAY send PRIORITY frames in this state to reprioritize the stream.","    // * Receiving any other type of frame MUST be treated as a stream error of type PROTOCOL_ERROR.","    case 'RESERVED_REMOTE':","      if (RST_STREAM) {","        this._setState('CLOSED');","      } else if (receiving && HEADERS) {","        this._setState('HALF_CLOSED_LOCAL');","      } else if (BLOCKED || PRIORITY) {","        /* No state change */","      } else {","        connectionError = 'PROTOCOL_ERROR';","      }","      break;","","    // The **open** state is where both peers can send frames. In this state, sending peers observe","    // advertised stream level flow control limits.","    //","    // * From this state either endpoint can send a frame with a END_STREAM flag set, which causes","    //   the stream to transition into one of the \"half closed\" states: an endpoint sending a","    //   END_STREAM flag causes the stream state to become \"half closed (local)\"; an endpoint","    //   receiving a END_STREAM flag causes the stream state to become \"half closed (remote)\".","    // * Either endpoint can send a RST_STREAM frame from this state, causing it to transition","    //   immediately to \"closed\".","    case 'OPEN':","      if (frame.flags.END_STREAM) {","        this._setState(sending ? 'HALF_CLOSED_LOCAL' : 'HALF_CLOSED_REMOTE');","      } else if (RST_STREAM) {","        this._setState('CLOSED');","      } else {","        /* No state change */","      }","      break;","","    // A stream that is **half closed (local)** cannot be used for sending frames.","    //","    // * A stream transitions from this state to \"closed\" when a frame that contains a END_STREAM","    //   flag is received, or when either peer sends a RST_STREAM frame.","    // * An endpoint MAY send or receive PRIORITY frames in this state to reprioritize the stream.","    // * WINDOW_UPDATE can be sent by a peer that has sent a frame bearing the END_STREAM flag.","    case 'HALF_CLOSED_LOCAL':","      if (RST_STREAM || (receiving && frame.flags.END_STREAM)) {","        this._setState('CLOSED');","      } else if (BLOCKED || ALTSVC || receiving || PRIORITY || (sending && WINDOW_UPDATE)) {","        /* No state change */","      } else {","        connectionError = 'PROTOCOL_ERROR';","      }","      break;","","    // A stream that is **half closed (remote)** is no longer being used by the peer to send frames.","    // In this state, an endpoint is no longer obligated to maintain a receiver flow control window","    // if it performs flow control.","    //","    // * If an endpoint receives additional frames for a stream that is in this state it MUST","    //   respond with a stream error of type STREAM_CLOSED.","    // * A stream can transition from this state to \"closed\" by sending a frame that contains a","    //   END_STREAM flag, or when either peer sends a RST_STREAM frame.","    // * An endpoint MAY send or receive PRIORITY frames in this state to reprioritize the stream.","    // * A receiver MAY receive a WINDOW_UPDATE frame on a \"half closed (remote)\" stream.","    case 'HALF_CLOSED_REMOTE':","      if (RST_STREAM || (sending && frame.flags.END_STREAM)) {","        this._setState('CLOSED');","      } else if (BLOCKED || ALTSVC || sending || PRIORITY || (receiving && WINDOW_UPDATE)) {","        /* No state change */","      } else {","        connectionError = 'PROTOCOL_ERROR';","      }","      break;","","    // The **closed** state is the terminal state.","    //","    // * An endpoint MUST NOT send frames on a closed stream. An endpoint that receives a frame","    //   after receiving a RST_STREAM or a frame containing a END_STREAM flag on that stream MUST","    //   treat that as a stream error of type STREAM_CLOSED.","    // * WINDOW_UPDATE, PRIORITY or RST_STREAM frames can be received in this state for a short","    //   period after a frame containing an END_STREAM flag is sent.  Until the remote peer receives","    //   and processes the frame bearing the END_STREAM flag, it might send either frame type.","    //   Endpoints MUST ignore WINDOW_UPDATE frames received in this state, though endpoints MAY","    //   choose to treat WINDOW_UPDATE frames that arrive a significant time after sending","    //   END_STREAM as a connection error of type PROTOCOL_ERROR.","    // * If this state is reached as a result of sending a RST_STREAM frame, the peer that receives","    //   the RST_STREAM might have already sent - or enqueued for sending - frames on the stream","    //   that cannot be withdrawn. An endpoint that sends a RST_STREAM frame MUST ignore frames that","    //   it receives on closed streams after it has sent a RST_STREAM frame. An endpoint MAY choose","    //   to limit the period over which it ignores frames and treat frames that arrive after this","    //   time as being in error.","    // * An endpoint might receive a PUSH_PROMISE frame after it sends RST_STREAM. PUSH_PROMISE","    //   causes a stream to become \"reserved\". If promised streams are not desired, a RST_STREAM","    //   can be used to close any of those streams.","    case 'CLOSED':","      if (PRIORITY || (sending && RST_STREAM) ||","          (receiving && WINDOW_UPDATE) ||","          (receiving && this._closedByUs &&","           (this._closedWithRst || RST_STREAM || ALTSVC))) {","        /* No state change */","      } else {","        streamError = 'STREAM_CLOSED';","      }","      break;","  }","","  // Noting that the connection was closed by the other endpoint. It may be important in edge cases.","  // For example, when the peer tries to cancel a promised stream, but we already sent every data","  // on it, then the stream is in CLOSED state, yet we want to ignore the incoming RST_STREAM.","  if ((this.state === 'CLOSED') && (previousState !== 'CLOSED')) {","    this._closedByUs = sending;","    this._closedWithRst = RST_STREAM;","  }","","  // Sending/receiving a PUSH_PROMISE","  //","  // * Sending a PUSH_PROMISE frame marks the associated stream for later use. The stream state","  //   for the reserved stream transitions to \"reserved (local)\".","  // * Receiving a PUSH_PROMISE frame marks the associated stream as reserved by the remote peer.","  //   The state of the stream becomes \"reserved (remote)\".","  if (PUSH_PROMISE && !connectionError && !streamError) {","    /* This assertion must hold, because _transition is called immediately when a frame is written","       to the stream. If it would be called when a frame gets out of the input queue, the state","       of the reserved could have been changed by then. */","    assert(frame.promised_stream.state === 'IDLE', frame.promised_stream.state);","    frame.promised_stream._setState(sending ? 'RESERVED_LOCAL' : 'RESERVED_REMOTE');","    frame.promised_stream._initiated = sending;","  }","","  // Signaling how sending/receiving this frame changes the active stream count (-1, 0 or +1)","  if (this._initiated) {","    var change = (activeState(this.state) - activeState(previousState));","    if (sending) {","      frame.count_change = change;","    } else {","      frame.count_change(change);","    }","  } else if (sending) {","    frame.count_change = 0;","  }","","  // Common error handling.","  if (connectionError || streamError) {","    var info = {","      error: connectionError,","      frame: frame,","      state: this.state,","      closedByUs: this._closedByUs,","      closedWithRst: this._closedWithRst","    };","","    // * When sending something invalid, throwing an exception, since it is probably a bug.","    if (sending) {","      this._log.error(info, 'Sending illegal frame.');","      return this.emit('error', new Error('Sending illegal frame (' + frame.type + ') in ' + this.state + ' state.'));","    }","","    // * In case of a serious problem, emitting and error and letting someone else handle it","    //   (e.g. closing the connection)","    // * When receiving something invalid, sending an RST_STREAM using the `reset` method.","    //   This will automatically cause a transition to the CLOSED state.","    else {","      this._log.error(info, 'Received illegal frame.');","      if (connectionError) {","        this.emit('connectionError', connectionError);","      } else {","        this.reset(streamError);","        this.emit('error', streamError);","      }","    }","  }","};","","// Bunyan serializers","// ------------------","","exports.serializers = {};","","var nextId = 0;","exports.serializers.s = function(stream) {","  if (!('_id' in stream)) {","    stream._id = nextId;","    nextId += 1;","  }","  return stream._id;","};",""],"l":{"1":1,"12":1,"14":1,"49":1,"50":0,"53":0,"56":0,"59":0,"62":0,"64":0,"67":1,"73":1,"74":1,"77":1,"78":0,"79":0,"80":0,"83":1,"84":0,"85":0,"86":0,"93":0,"96":1,"97":0,"100":1,"101":0,"109":1,"110":0,"111":0,"113":0,"116":1,"117":0,"118":0,"119":0,"121":0,"122":0,"123":0,"125":0,"134":0,"135":0,"136":0,"140":1,"141":0,"146":1,"147":0,"148":0,"149":0,"159":1,"160":0,"161":0,"162":0,"164":0,"166":0,"211":1,"213":1,"214":0,"216":0,"218":0,"219":0,"220":0,"221":0,"222":0,"223":0,"225":0,"228":1,"229":0,"230":0,"235":1,"236":0,"238":0,"241":0,"244":0,"245":0,"246":0,"248":0,"249":0,"250":0,"251":0,"252":0,"253":0,"254":0,"256":0,"261":0,"264":0,"265":0,"268":0,"272":1,"275":0,"276":0,"277":0,"278":0,"283":0,"284":0,"285":0,"289":0,"290":0,"296":1,"297":0,"298":0,"299":0,"300":0,"305":1,"307":0,"315":0,"316":0,"318":0,"325":1,"326":0,"327":0,"328":0,"329":0,"337":1,"338":1,"339":0,"345":0,"346":0,"347":0,"348":0,"349":0,"351":0,"385":1,"386":0,"387":0,"388":0,"389":0,"390":0,"395":1,"396":0,"397":0,"398":0,"399":0,"404":1,"405":0,"411":1,"412":0,"413":0,"414":0,"416":0,"417":0,"418":0,"419":0,"420":0,"421":0,"422":0,"423":0,"424":0,"425":0,"426":0,"429":0,"431":0,"438":0,"439":0,"440":0,"441":0,"443":0,"444":0,"445":0,"446":0,"449":0,"451":0,"463":0,"464":0,"465":0,"466":0,"467":0,"470":0,"472":0,"482":0,"483":0,"484":0,"485":0,"486":0,"489":0,"491":0,"503":0,"504":0,"505":0,"506":0,"510":0,"519":0,"520":0,"521":0,"524":0,"526":0,"539":0,"540":0,"541":0,"544":0,"546":0,"569":0,"575":0,"577":0,"583":0,"584":0,"585":0,"594":0,"598":0,"599":0,"600":0,"604":0,"605":0,"606":0,"607":0,"609":0,"611":0,"612":0,"616":0,"617":0,"626":0,"627":0,"628":0,"636":0,"637":0,"638":0,"640":0,"641":0,"650":1,"652":1,"653":1,"654":0,"655":0,"656":0,"658":0}}}